<?xml version="1.0" encoding="UTF-8"?>
<!-- Generated by org.testng.reporters.JUnitXMLReporter -->
<testsuite ignored="0" hostname="DESKTOP-8DBLCCQ" failures="16" tests="24" name="Surefire test" time="44.289" errors="0" timestamp="2025-01-02T13:18:49 IST">
  <testcase classname="TestCases.GetBookAPITests" name="testGetAllBooksAsAdmin" time="1.684"/>
  <testcase classname="TestCases.GetBookAPITests" name="testGetAllBooksAsUser" time="0.805"/>
  <testcase classname="TestCases.GetBookAPITests" name="testGetBookByIdAsAdmin" time="0.795">
    <failure type="java.lang.AssertionError" message="Expected status code is 200 expected [200] but found [404]">
      <![CDATA[java.lang.AssertionError: Expected status code is 200 expected [200] but found [404]
at TestCases.GetBookAPITests.testGetBookByIdAsAdmin(GetBookAPITests.java:73)
at java.base/java.util.ArrayList.forEach(ArrayList.java:1511)
... Removed 37 stack frames]]>
    </failure>
  </testcase> <!-- testGetBookByIdAsAdmin -->
  <testcase classname="TestCases.GetBookAPITests" name="testGetBookByIdAsRegularUser" time="0.725">
    <failure type="java.lang.AssertionError" message="Expected status code is 200 expected [200] but found [403]">
      <![CDATA[java.lang.AssertionError: Expected status code is 200 expected [200] but found [403]
at TestCases.GetBookAPITests.testGetBookByIdAsRegularUser(GetBookAPITests.java:133)
at java.base/java.util.ArrayList.forEach(ArrayList.java:1511)
... Removed 37 stack frames]]>
    </failure>
  </testcase> <!-- testGetBookByIdAsRegularUser -->
  <testcase classname="TestCases.GetBookAPITests" name="testGetBookByIdAsUser" time="0.741">
    <failure type="java.lang.AssertionError" message="Expected status code is 200 expected [200] but found [403]">
      <![CDATA[java.lang.AssertionError: Expected status code is 200 expected [200] but found [403]
at TestCases.GetBookAPITests.testGetBookByIdAsUser(GetBookAPITests.java:58)
at java.base/java.util.ArrayList.forEach(ArrayList.java:1511)
... Removed 37 stack frames]]>
    </failure>
  </testcase> <!-- testGetBookByIdAsUser -->
  <testcase classname="TestCases.GetBookAPITests" name="testGetBookByInvalidIdAsAdmin" time="0.806"/>
  <testcase classname="TestCases.GetBookAPITests" name="testGetBookByValidIdAsAdmin" time="0.757">
    <failure type="java.lang.AssertionError" message="Expected status code is 200 expected [400] but found [404]">
      <![CDATA[java.lang.AssertionError: Expected status code is 200 expected [400] but found [404]
at TestCases.GetBookAPITests.testGetBookByValidIdAsAdmin(GetBookAPITests.java:91)
at java.base/java.util.ArrayList.forEach(ArrayList.java:1511)
... Removed 37 stack frames]]>
    </failure>
  </testcase> <!-- testGetBookByValidIdAsAdmin -->
  <testcase classname="TestCases.PutBookAPITests" name="testUpdateBookWithAnotherBooksId" time="0.999"/>
  <testcase classname="TestCases.PutBookAPITests" name="testUpdateBookWithAnotherBooksTitleAsAdmin" time="0.843">
    <failure type="java.lang.AssertionError" message="Expected status code is 400 for using another book&amp;apos;s title expected [400] but found [404]">
      <![CDATA[java.lang.AssertionError: Expected status code is 400 for using another book's title expected [400] but found [404]
at TestCases.PutBookAPITests.testUpdateBookWithAnotherBooksTitleAsAdmin(PutBookAPITests.java:216)
at java.base/java.util.ArrayList.forEach(ArrayList.java:1511)
... Removed 37 stack frames]]>
    </failure>
  </testcase> <!-- testUpdateBookWithAnotherBooksTitleAsAdmin -->
  <testcase classname="TestCases.PutBookAPITests" name="testUpdateBookWithEmptyAuthor" time="0.8">
    <failure type="java.lang.AssertionError" message="Expected status code is 400 for empty author expected [400] but found [200]">
      <![CDATA[java.lang.AssertionError: Expected status code is 400 for empty author expected [400] but found [200]
at TestCases.PutBookAPITests.testUpdateBookWithEmptyAuthor(PutBookAPITests.java:113)
at java.base/java.util.ArrayList.forEach(ArrayList.java:1511)
... Removed 37 stack frames]]>
    </failure>
  </testcase> <!-- testUpdateBookWithEmptyAuthor -->
  <testcase classname="TestCases.PutBookAPITests" name="testUpdateBookWithInvalidIdAsAdmin" time="0.825"/>
  <testcase classname="TestCases.PutBookAPITests" name="testUpdateBookWithMissingOrInvalidTitleAsAdmin" time="0.956">
    <failure type="java.lang.AssertionError" message="Expected status code is 400 for missing/empty title expected [400] but found [200]">
      <![CDATA[java.lang.AssertionError: Expected status code is 400 for missing/empty title expected [400] but found [200]
at TestCases.PutBookAPITests.testUpdateBookWithMissingOrInvalidTitleAsAdmin(PutBookAPITests.java:181)
at java.base/java.util.ArrayList.forEach(ArrayList.java:1511)
... Removed 37 stack frames]]>
    </failure>
  </testcase> <!-- testUpdateBookWithMissingOrInvalidTitleAsAdmin -->
  <testcase classname="TestCases.PutBookAPITests" name="testUpdateBookWithMissingTitleAndAuthor" time="0.819"/>
  <testcase classname="TestCases.PutBookAPITests" name="testUpdateBookWithNoneParametersAsAdmin" time="1.025">
    <failure type="java.lang.AssertionError" message="Response should indicate invalid input parameters expected [true] but found [false]">
      <![CDATA[java.lang.AssertionError: Response should indicate invalid input parameters expected [true] but found [false]
at TestCases.PutBookAPITests.testUpdateBookWithNoneParametersAsAdmin(PutBookAPITests.java:239)
at java.base/java.util.ArrayList.forEach(ArrayList.java:1511)
... Removed 35 stack frames]]>
    </failure>
  </testcase> <!-- testUpdateBookWithNoneParametersAsAdmin -->
  <testcase classname="TestCases.PutBookAPITests" name="testUpdateBookWithValidDataAsAdmin" time="0.783">
    <failure type="java.lang.AssertionError" message="Expected status code is 200 expected [200] but found [404]">
      <![CDATA[java.lang.AssertionError: Expected status code is 200 expected [200] but found [404]
at TestCases.PutBookAPITests.testUpdateBookWithValidDataAsAdmin(PutBookAPITests.java:42)
at java.base/java.util.ArrayList.forEach(ArrayList.java:1511)
... Removed 37 stack frames]]>
    </failure>
  </testcase> <!-- testUpdateBookWithValidDataAsAdmin -->
  <testcase classname="TestCases.PutBookAPITests" name="testUpdateBookWithValidDataAsUser" time="0.917">
    <failure type="java.lang.AssertionError" message="Response should indicate forbidden access expected [true] but found [false]">
      <![CDATA[java.lang.AssertionError: Response should indicate forbidden access expected [true] but found [false]
at TestCases.PutBookAPITests.testUpdateBookWithValidDataAsUser(PutBookAPITests.java:67)
at java.base/java.util.ArrayList.forEach(ArrayList.java:1511)
... Removed 35 stack frames]]>
    </failure>
  </testcase> <!-- testUpdateBookWithValidDataAsUser -->
  <testcase classname="UITestCases.BuggyCarsUITests" name="testAccessibilityOfLinks" time="0.219"/>
  <testcase classname="UITestCases.BuggyCarsUITests" name="testDuplicateRegistration" time="0.673">
    <failure type="java.lang.AssertionError" message="expected [true] but found [false]">
      <![CDATA[java.lang.AssertionError: expected [true] but found [false]
at UITestCases.BuggyCarsUITests.testDuplicateRegistration(BuggyCarsUITests.java:76)
at java.base/java.util.ArrayList.forEach(ArrayList.java:1511)
... Removed 36 stack frames]]>
    </failure>
  </testcase> <!-- testDuplicateRegistration -->
  <testcase classname="UITestCases.BuggyCarsUITests" name="testLoginWithValidCredentials" time="0.298">
    <failure type="java.lang.AssertionError" message="expected [true] but found [false]">
      <![CDATA[java.lang.AssertionError: expected [true] but found [false]
at UITestCases.BuggyCarsUITests.testLoginWithValidCredentials(BuggyCarsUITests.java:36)
at java.base/java.util.ArrayList.forEach(ArrayList.java:1511)
... Removed 36 stack frames]]>
    </failure>
  </testcase> <!-- testLoginWithValidCredentials -->
  <testcase classname="UITestCases.BuggyCarsUITests" name="testMissingFieldsInRegistration" time="0.257">
    <failure type="java.lang.AssertionError" message="expected [true] but found [false]">
      <![CDATA[java.lang.AssertionError: expected [true] but found [false]
at UITestCases.BuggyCarsUITests.testMissingFieldsInRegistration(BuggyCarsUITests.java:54)
at java.base/java.util.ArrayList.forEach(ArrayList.java:1511)
... Removed 36 stack frames]]>
    </failure>
  </testcase> <!-- testMissingFieldsInRegistration -->
  <testcase classname="UITestCases.BuggyCarsUITests" name="testProfilePageAccessibility" time="0.265">
    <failure type="java.lang.AssertionError" message="expected [true] but found [false]">
      <![CDATA[java.lang.AssertionError: expected [true] but found [false]
at UITestCases.BuggyCarsUITests.testLoginWithValidCredentials(BuggyCarsUITests.java:36)
at UITestCases.BuggyCarsUITests.testProfilePageAccessibility(BuggyCarsUITests.java:93)
at java.base/java.util.ArrayList.forEach(ArrayList.java:1511)
... Removed 36 stack frames]]>
    </failure>
  </testcase> <!-- testProfilePageAccessibility -->
  <testcase classname="UITestCases.BuggyCarsUITests" name="testResponsiveUI" time="0.792"/>
  <testcase classname="UITestCases.BuggyCarsUITests" name="testUserRegistration" time="0.753">
    <failure type="java.lang.AssertionError" message="expected [true] but found [false]">
      <![CDATA[java.lang.AssertionError: expected [true] but found [false]
at UITestCases.BuggyCarsUITests.testUserRegistration(BuggyCarsUITests.java:25)
at java.base/java.util.ArrayList.forEach(ArrayList.java:1511)
... Removed 36 stack frames]]>
    </failure>
  </testcase> <!-- testUserRegistration -->
  <testcase classname="UITestCases.BuggyCarsUITests" name="testWeakPasswordRegistration" time="0.768">
    <failure type="java.lang.AssertionError" message="expected [true] but found [false]">
      <![CDATA[java.lang.AssertionError: expected [true] but found [false]
at UITestCases.BuggyCarsUITests.testWeakPasswordRegistration(BuggyCarsUITests.java:88)
at java.base/java.util.ArrayList.forEach(ArrayList.java:1511)
... Removed 36 stack frames]]>
    </failure>
  </testcase> <!-- testWeakPasswordRegistration -->
</testsuite> <!-- Surefire test -->
