<?xml version="1.0" encoding="UTF-8"?>
<!-- Generated by org.testng.reporters.JUnitXMLReporter -->
<testsuite ignored="0" hostname="LAPTOP-912H8DN0" failures="13" tests="21" name="APITestSuite" time="17.764" errors="0" timestamp="2025-01-03T07:30:54 IST">
  <testcase classname="TestCases.GetBookAPITests" name="testGetAllBooksAsAdmin" time="1.956"/>
  <testcase classname="TestCases.GetBookAPITests" name="testGetAllBooksAsUser" time="0.697"/>
  <testcase classname="TestCases.GetBookAPITests" name="testGetBookByIdAsAdmin" time="1.327"/>
  <testcase classname="TestCases.GetBookAPITests" name="testGetBookByIdAsRegularUser" time="0.707">
    <failure type="java.lang.AssertionError" message="Expected status code is 200 expected [200] but found [403]">
      <![CDATA[java.lang.AssertionError: Expected status code is 200 expected [200] but found [403]
at TestCases.GetBookAPITests.testGetBookByIdAsRegularUser(GetBookAPITests.java:114)
at java.base/java.util.ArrayList.forEach(ArrayList.java:1511)
... Removed 36 stack frames]]>
    </failure>
  </testcase> <!-- testGetBookByIdAsRegularUser -->
  <testcase classname="TestCases.GetBookAPITests" name="testGetBookByIdAsUser" time="0.684">
    <failure type="java.lang.AssertionError" message="Expected status code is 200 expected [200] but found [403]">
      <![CDATA[java.lang.AssertionError: Expected status code is 200 expected [200] but found [403]
at TestCases.GetBookAPITests.testGetBookByIdAsUser(GetBookAPITests.java:58)
at java.base/java.util.ArrayList.forEach(ArrayList.java:1511)
... Removed 36 stack frames]]>
    </failure>
  </testcase> <!-- testGetBookByIdAsUser -->
  <testcase classname="TestCases.GetBookAPITests" name="testGetBookByInvalidIdAsAdmin" time="0.719"/>
  <testcase classname="TestCases.PostBookAPITests" name="testCreateBookWithDuplicateTitle" time="1.465"/>
  <testcase classname="TestCases.PostBookAPITests" name="testCreateBookWithMissingAuthor" time="0.628">
    <failure type="java.lang.AssertionError" message="Expected status code is 400 expected [400] but found [208]">
      <![CDATA[java.lang.AssertionError: Expected status code is 400 expected [400] but found [208]
at TestCases.PostBookAPITests.testCreateBookWithMissingAuthor(PostBookAPITests.java:58)
at java.base/java.util.ArrayList.forEach(ArrayList.java:1511)
... Removed 36 stack frames]]>
    </failure>
  </testcase> <!-- testCreateBookWithMissingAuthor -->
  <testcase classname="TestCases.PostBookAPITests" name="testCreateBookWithValidData" time="0.637">
    <failure type="java.lang.AssertionError" message="Expected status code is 201 expected [201] but found [208]">
      <![CDATA[java.lang.AssertionError: Expected status code is 201 expected [201] but found [208]
at TestCases.PostBookAPITests.testCreateBookWithValidData(PostBookAPITests.java:36)
at java.base/java.util.ArrayList.forEach(ArrayList.java:1511)
... Removed 36 stack frames]]>
    </failure>
  </testcase> <!-- testCreateBookWithValidData -->
  <testcase classname="TestCases.PutBookAPITests" name="testUpdateBookWithAnotherBooksId" time="0.71"/>
  <testcase classname="TestCases.PutBookAPITests" name="testUpdateBookWithAnotherBooksTitleAsAdmin" time="0.665">
    <failure type="java.lang.AssertionError" message="Expected status code is 400 for using another book&amp;apos;s title expected [400] but found [404]">
      <![CDATA[java.lang.AssertionError: Expected status code is 400 for using another book's title expected [400] but found [404]
at TestCases.PutBookAPITests.testUpdateBookWithAnotherBooksTitleAsAdmin(PutBookAPITests.java:219)
at java.base/java.util.ArrayList.forEach(ArrayList.java:1511)
... Removed 36 stack frames]]>
    </failure>
  </testcase> <!-- testUpdateBookWithAnotherBooksTitleAsAdmin -->
  <testcase classname="TestCases.PutBookAPITests" name="testUpdateBookWithEmptyAuthor" time="0.666">
    <failure type="java.lang.AssertionError" message="Expected status code is 400 for empty author expected [400] but found [200]">
      <![CDATA[java.lang.AssertionError: Expected status code is 400 for empty author expected [400] but found [200]
at TestCases.PutBookAPITests.testUpdateBookWithEmptyAuthor(PutBookAPITests.java:116)
at java.base/java.util.ArrayList.forEach(ArrayList.java:1511)
... Removed 36 stack frames]]>
    </failure>
  </testcase> <!-- testUpdateBookWithEmptyAuthor -->
  <testcase classname="TestCases.PutBookAPITests" name="testUpdateBookWithInvalidIdAsAdmin" time="0.787"/>
  <testcase classname="TestCases.PutBookAPITests" name="testUpdateBookWithMissingOrInvalidTitleAsAdmin" time="0.709">
    <failure type="java.lang.AssertionError" message="Expected status code is 400 for missing/empty title expected [400] but found [200]">
      <![CDATA[java.lang.AssertionError: Expected status code is 400 for missing/empty title expected [400] but found [200]
at TestCases.PutBookAPITests.testUpdateBookWithMissingOrInvalidTitleAsAdmin(PutBookAPITests.java:184)
at java.base/java.util.ArrayList.forEach(ArrayList.java:1511)
... Removed 36 stack frames]]>
    </failure>
  </testcase> <!-- testUpdateBookWithMissingOrInvalidTitleAsAdmin -->
  <testcase classname="TestCases.PutBookAPITests" name="testUpdateBookWithMissingTitleAndAuthor" time="0.81"/>
  <testcase classname="TestCases.PutBookAPITests" name="testUpdateBookWithNoneParametersAsAdmin" time="0.676">
    <failure type="java.lang.AssertionError" message="Response should indicate invalid input parameters expected [true] but found [false]">
      <![CDATA[java.lang.AssertionError: Response should indicate invalid input parameters expected [true] but found [false]
at TestCases.PutBookAPITests.testUpdateBookWithNoneParametersAsAdmin(PutBookAPITests.java:242)
at java.base/java.util.ArrayList.forEach(ArrayList.java:1511)
... Removed 34 stack frames]]>
    </failure>
  </testcase> <!-- testUpdateBookWithNoneParametersAsAdmin -->
  <testcase classname="TestCases.PutBookAPITests" name="testUpdateBookWithValidDataAsAdmin" time="0.645">
    <failure type="java.lang.AssertionError" message="Expected status code is 200 expected [200] but found [404]">
      <![CDATA[java.lang.AssertionError: Expected status code is 200 expected [200] but found [404]
at TestCases.PutBookAPITests.testUpdateBookWithValidDataAsAdmin(PutBookAPITests.java:45)
at java.base/java.util.ArrayList.forEach(ArrayList.java:1511)
... Removed 36 stack frames]]>
    </failure>
  </testcase> <!-- testUpdateBookWithValidDataAsAdmin -->
  <testcase classname="TestCases.PutBookAPITests" name="testUpdateBookWithValidDataAsUser" time="0.659">
    <failure type="java.lang.AssertionError" message="Response should indicate forbidden access expected [true] but found [false]">
      <![CDATA[java.lang.AssertionError: Response should indicate forbidden access expected [true] but found [false]
at TestCases.PutBookAPITests.testUpdateBookWithValidDataAsUser(PutBookAPITests.java:70)
at java.base/java.util.ArrayList.forEach(ArrayList.java:1511)
... Removed 34 stack frames]]>
    </failure>
  </testcase> <!-- testUpdateBookWithValidDataAsUser -->
  <testcase classname="TestCases.DeleteBookAPITests" name="testDeleteBookAsUser" time="0.719">
    <failure type="java.lang.AssertionError" message="Expected status code is 403 for forbidden access expected [403] but found [404]">
      <![CDATA[java.lang.AssertionError: Expected status code is 403 for forbidden access expected [403] but found [404]
at TestCases.DeleteBookAPITests.testDeleteBookAsUser(DeleteBookAPITests.java:77)
at java.base/java.util.ArrayList.forEach(ArrayList.java:1511)
... Removed 36 stack frames]]>
    </failure>
  </testcase> <!-- testDeleteBookAsUser -->
  <testcase classname="TestCases.DeleteBookAPITests" name="testDeleteBookWithInvalidIdAsAdmin" time="0.651">
    <failure type="java.lang.AssertionError" message="Expected status code is 404 for non-existent book deletion expected [404] but found [403]">
      <![CDATA[java.lang.AssertionError: Expected status code is 404 for non-existent book deletion expected [404] but found [403]
at TestCases.DeleteBookAPITests.testDeleteBookWithInvalidIdAsAdmin(DeleteBookAPITests.java:57)
at java.base/java.util.ArrayList.forEach(ArrayList.java:1511)
... Removed 36 stack frames]]>
    </failure>
  </testcase> <!-- testDeleteBookWithInvalidIdAsAdmin -->
  <testcase classname="TestCases.DeleteBookAPITests" name="testDeleteBookWithValidIdAsAdmin" time="0.702">
    <failure type="java.lang.AssertionError" message="Expected status code is 200 for valid book deletion expected [200] but found [403]">
      <![CDATA[java.lang.AssertionError: Expected status code is 200 for valid book deletion expected [200] but found [403]
at TestCases.DeleteBookAPITests.testDeleteBookWithValidIdAsAdmin(DeleteBookAPITests.java:37)
at java.base/java.util.ArrayList.forEach(ArrayList.java:1511)
... Removed 36 stack frames]]>
    </failure>
  </testcase> <!-- testDeleteBookWithValidIdAsAdmin -->
</testsuite> <!-- APITestSuite -->
