<!DOCTYPE html PUBLIC "-//W3C//DTD XHTML 1.1//EN" "https://www.w3.org/TR/xhtml11/DTD/xhtml11.dtd">
<html xmlns="https://www.w3.org/1999/xhtml">
<head>
<meta http-equiv="content-type" content="text/html; charset=UTF-8"/>
<title>TestNG Report</title>
<style type="text/css">table {margin-bottom:10px;border-collapse:collapse;empty-cells:show}th,td {border:1px solid #009;padding:.25em .5em}th {vertical-align:bottom}td {vertical-align:top}table a {font-weight:bold}.stripe td {background-color: #E6EBF9}.num {text-align:right}.passedodd td {background-color: #3F3}.passedeven td {background-color: #0A0}.skippedodd td {background-color: #DDD}.skippedeven td {background-color: #CCC}.failedodd td,.attn {background-color: #F33}.failedeven td,.stripe .attn {background-color: #D00}.stacktrace {white-space:pre;font-family:monospace}.totop {font-size:85%;text-align:center;border-bottom:2px solid #000}.invisible {display:none}</style>
</head>
<body>
<table>
<tr><th>Test</th><th># Passed</th><th># Skipped</th><th># Retried</th><th># Failed</th><th>Time (ms)</th><th>Included Groups</th><th>Excluded Groups</th></tr>
<tr><th colspan="8">LibraryAPITests</th></tr>
<tr><td><a href="#t0">APITestSuite</a></td><td class="num">8</td><td class="num">0</td><td class="num">0</td><td class="num attn">18</td><td class="num">20,668</td><td></td><td></td></tr>
<tr class="stripe"><td><a href="#t1">UI Tests</a></td><td class="num">8</td><td class="num">0</td><td class="num">0</td><td class="num attn">6</td><td class="num">87,656</td><td></td><td></td></tr>
<tr><th>Total</th><th class="num">16</th><th class="num">0</th><th class="num">0</th><th class="num attn">24</th><th class="num">108,324</th><th colspan="2"></th></tr>
</table>
<table id='summary'><thead><tr><th>Class</th><th>Method</th><th>Start</th><th>Time (ms)</th></tr></thead><tbody><tr><th colspan="4">LibraryAPITests</th></tr></tbody><tbody id="t0"><tr><th colspan="4">APITestSuite &#8212; failed</th></tr><tr class="failedeven"><td rowspan="3">TestCases.DeleteBookAPITests</td><td><a href="#m0">testDeleteBookAsUser</a></td><td rowspan="1">1735904046049</td><td rowspan="1">619</td></tr><tr class="failedeven"><td><a href="#m1">testDeleteBookWithInvalidIdAsAdmin</a></td><td rowspan="1">1735904046673</td><td rowspan="1">604</td></tr><tr class="failedeven"><td><a href="#m2">testDeleteBookWithValidIdAsAdmin</a></td><td rowspan="1">1735904047280</td><td rowspan="1">597</td></tr><tr class="failedodd"><td rowspan="2">TestCases.GetBookAPITests</td><td><a href="#m3">testGetBookByIdAsRegularUser</a></td><td rowspan="1">1735904031102</td><td rowspan="1">642</td></tr><tr class="failedodd"><td><a href="#m4">testGetBookByIdAsUser</a></td><td rowspan="1">1735904031754</td><td rowspan="1">642</td></tr><tr class="failedeven"><td rowspan="7">TestCases.PostBookAPITests</td><td><a href="#m5">testCreateBookWithDuplicateIdAsAdmin</a></td><td rowspan="1">1735904033093</td><td rowspan="1">1311</td></tr><tr class="failedeven"><td><a href="#m6">testCreateBookWithMissingAuthor</a></td><td rowspan="1">1735904036038</td><td rowspan="1">653</td></tr><tr class="failedeven"><td><a href="#m7">testCreateBookWithMissingTitleAsAdmin</a></td><td rowspan="1">1735904036696</td><td rowspan="1">668</td></tr><tr class="failedeven"><td><a href="#m8">testCreateBookWithNumericAuthorAsAdmin</a></td><td rowspan="1">1735904037368</td><td rowspan="1">682</td></tr><tr class="failedeven"><td><a href="#m9">testCreateBookWithNumericTitleAsAdmin</a></td><td rowspan="1">1735904038055</td><td rowspan="1">718</td></tr><tr class="failedeven"><td><a href="#m10">testCreateBookWithValidData</a></td><td rowspan="1">1735904038779</td><td rowspan="1">695</td></tr><tr class="failedeven"><td><a href="#m11">testCreateBookWithValidDataAsAdmin</a></td><td rowspan="1">1735904039476</td><td rowspan="1">617</td></tr><tr class="failedodd"><td rowspan="6">TestCases.PutBookAPITests</td><td><a href="#m12">testUpdateBookWithAnotherBooksTitleAsAdmin</a></td><td rowspan="1">1735904040822</td><td rowspan="1">660</td></tr><tr class="failedodd"><td><a href="#m13">testUpdateBookWithEmptyAuthor</a></td><td rowspan="1">1735904041495</td><td rowspan="1">659</td></tr><tr class="failedodd"><td><a href="#m14">testUpdateBookWithMissingOrInvalidTitleAsAdmin</a></td><td rowspan="1">1735904042839</td><td rowspan="1">619</td></tr><tr class="failedodd"><td><a href="#m15">testUpdateBookWithMissingTitleAndAuthor</a></td><td rowspan="1">1735904043462</td><td rowspan="1">683</td></tr><tr class="failedodd"><td><a href="#m16">testUpdateBookWithNoneParametersAsAdmin</a></td><td rowspan="1">1735904044150</td><td rowspan="1">647</td></tr><tr class="failedodd"><td><a href="#m17">testUpdateBookWithValidDataAsAdmin</a></td><td rowspan="1">1735904044799</td><td rowspan="1">612</td></tr><tr><th colspan="4">APITestSuite &#8212; passed</th></tr><tr class="passedeven"><td rowspan="4">TestCases.GetBookAPITests</td><td><a href="#m18">testGetAllBooksAsAdmin</a></td><td rowspan="1">1735904027603</td><td rowspan="1">1758</td></tr><tr class="passedeven"><td><a href="#m19">testGetAllBooksAsUser</a></td><td rowspan="1">1735904029427</td><td rowspan="1">636</td></tr><tr class="passedeven"><td><a href="#m20">testGetBookByIdAsAdmin</a></td><td rowspan="1">1735904030071</td><td rowspan="1">1029</td></tr><tr class="passedeven"><td><a href="#m21">testGetBookByInvalidIdAsAdmin</a></td><td rowspan="1">1735904032401</td><td rowspan="1">686</td></tr><tr class="passedodd"><td rowspan="1">TestCases.PostBookAPITests</td><td><a href="#m22">testCreateBookWithDuplicateTitle</a></td><td rowspan="1">1735904034408</td><td rowspan="1">1625</td></tr><tr class="passedeven"><td rowspan="3">TestCases.PutBookAPITests</td><td><a href="#m23">testUpdateBookWithAnotherBooksId</a></td><td rowspan="1">1735904040099</td><td rowspan="1">719</td></tr><tr class="passedeven"><td><a href="#m24">testUpdateBookWithInvalidIdAsAdmin</a></td><td rowspan="1">1735904042157</td><td rowspan="1">678</td></tr><tr class="passedeven"><td><a href="#m25">testUpdateBookWithValidDataAsUser</a></td><td rowspan="1">1735904045415</td><td rowspan="1">631</td></tr></tbody>
<tbody id="t1"><tr><th colspan="4">UI Tests &#8212; failed</th></tr><tr class="failedeven"><td rowspan="6">UITestCases.BuggyCarsUITests</td><td><a href="#m26">testChangePasswordSuccessfully</a></td><td rowspan="1">1735904056266</td><td rowspan="1">24161</td></tr><tr class="failedeven"><td><a href="#m27">testCommentCharacterLimit</a></td><td rowspan="1">1735904094125</td><td rowspan="1">2200</td></tr><tr class="failedeven"><td><a href="#m28">testLogoutFunctionality</a></td><td rowspan="1">1735904106143</td><td rowspan="1">2443</td></tr><tr class="failedeven"><td><a href="#m29">testMissingFieldsInRegistration</a></td><td rowspan="1">1735904110881</td><td rowspan="1">292</td></tr><tr class="failedeven"><td><a href="#m30">testProfilePageAccessibility</a></td><td rowspan="1">1735904116415</td><td rowspan="1">2534</td></tr><tr class="failedeven"><td><a href="#m31">testWeakPasswordRegistration</a></td><td rowspan="1">1735904129907</td><td rowspan="1">668</td></tr><tr><th colspan="4">UI Tests &#8212; passed</th></tr><tr class="passedeven"><td rowspan="8">UITestCases.BuggyCarsUITests</td><td><a href="#m32">testAccessibilityOfLinks</a></td><td rowspan="1">1735904050950</td><td rowspan="1">148</td></tr><tr class="passedeven"><td><a href="#m33">testBrokenLinksOnHomepage</a></td><td rowspan="1">1735904053714</td><td rowspan="1">145</td></tr><tr class="passedeven"><td><a href="#m34">testChangePasswordWithInvalidCurrentPassword</a></td><td rowspan="1">1735904085627</td><td rowspan="1">4488</td></tr><tr class="passedeven"><td><a href="#m35">testLoginWithValidCredentials</a></td><td rowspan="1">1735904101321</td><td rowspan="1">2283</td></tr><tr class="passedeven"><td><a href="#m36">testPageTitle</a></td><td rowspan="1">1735904113522</td><td rowspan="1">16</td></tr><tr class="passedeven"><td><a href="#m37">testResponsiveUI</a></td><td rowspan="1">1735904121903</td><td rowspan="1">787</td></tr><tr class="passedeven"><td><a href="#m38">testSuccessfulRegistration</a></td><td rowspan="1">1735904125141</td><td rowspan="1">2221</td></tr><tr class="passedeven"><td><a href="#m39">testunSuccessfulRegistrationWhileExistingUsername</a></td><td rowspan="1">1735904133219</td><td rowspan="1">2196</td></tr></tbody>
</table>
<h2>APITestSuite</h2><h3 id="m0">TestCases.DeleteBookAPITests#testDeleteBookAsUser</h3><table class="result"><tr><th>Exception</th></tr><tr><td><div class="stacktrace">java.lang.AssertionError: Expected status code is 403 for forbidden access expected [403] but found [404]
	at TestCases.DeleteBookAPITests.testDeleteBookAsUser(DeleteBookAPITests.java:77)
	at java.base/java.util.ArrayList.forEach(ArrayList.java:1511)
... Removed 36 stack frames</div></td></tr></table><p class="totop"><a href="#summary">back to summary</a></p>
<h3 id="m1">TestCases.DeleteBookAPITests#testDeleteBookWithInvalidIdAsAdmin</h3><table class="result"><tr><th>Exception</th></tr><tr><td><div class="stacktrace">java.lang.AssertionError: Expected status code is 404 for non-existent book deletion expected [404] but found [403]
	at TestCases.DeleteBookAPITests.testDeleteBookWithInvalidIdAsAdmin(DeleteBookAPITests.java:57)
	at java.base/java.util.ArrayList.forEach(ArrayList.java:1511)
... Removed 36 stack frames</div></td></tr></table><p class="totop"><a href="#summary">back to summary</a></p>
<h3 id="m2">TestCases.DeleteBookAPITests#testDeleteBookWithValidIdAsAdmin</h3><table class="result"><tr><th>Exception</th></tr><tr><td><div class="stacktrace">java.lang.AssertionError: Expected status code is 200 for valid book deletion expected [200] but found [403]
	at TestCases.DeleteBookAPITests.testDeleteBookWithValidIdAsAdmin(DeleteBookAPITests.java:37)
	at java.base/java.util.ArrayList.forEach(ArrayList.java:1511)
... Removed 36 stack frames</div></td></tr></table><p class="totop"><a href="#summary">back to summary</a></p>
<h3 id="m3">TestCases.GetBookAPITests#testGetBookByIdAsRegularUser</h3><table class="result"><tr><th>Exception</th></tr><tr><td><div class="stacktrace">java.lang.AssertionError: Expected status code is 200 expected [200] but found [403]
	at TestCases.GetBookAPITests.testGetBookByIdAsRegularUser(GetBookAPITests.java:114)
	at java.base/java.util.ArrayList.forEach(ArrayList.java:1511)
... Removed 36 stack frames</div></td></tr></table><p class="totop"><a href="#summary">back to summary</a></p>
<h3 id="m4">TestCases.GetBookAPITests#testGetBookByIdAsUser</h3><table class="result"><tr><th>Exception</th></tr><tr><td><div class="stacktrace">java.lang.AssertionError: Expected status code is 200 expected [200] but found [403]
	at TestCases.GetBookAPITests.testGetBookByIdAsUser(GetBookAPITests.java:58)
	at java.base/java.util.ArrayList.forEach(ArrayList.java:1511)
... Removed 36 stack frames</div></td></tr></table><p class="totop"><a href="#summary">back to summary</a></p>
<h3 id="m5">TestCases.PostBookAPITests#testCreateBookWithDuplicateIdAsAdmin</h3><table class="result"><tr><th>Exception</th></tr><tr><td><div class="stacktrace">java.lang.AssertionError: Expected status code is 409 expected [409] but found [208]
	at TestCases.PostBookAPITests.testCreateBookWithDuplicateIdAsAdmin(PostBookAPITests.java:153)
	at java.base/java.util.ArrayList.forEach(ArrayList.java:1511)
... Removed 36 stack frames</div></td></tr></table><p class="totop"><a href="#summary">back to summary</a></p>
<h3 id="m6">TestCases.PostBookAPITests#testCreateBookWithMissingAuthor</h3><table class="result"><tr><th>Exception</th></tr><tr><td><div class="stacktrace">java.lang.AssertionError: Expected status code is 400 expected [400] but found [208]
	at TestCases.PostBookAPITests.testCreateBookWithMissingAuthor(PostBookAPITests.java:173)
	at java.base/java.util.ArrayList.forEach(ArrayList.java:1511)
... Removed 36 stack frames</div></td></tr></table><p class="totop"><a href="#summary">back to summary</a></p>
<h3 id="m7">TestCases.PostBookAPITests#testCreateBookWithMissingTitleAsAdmin</h3><table class="result"><tr><th>Exception</th></tr><tr><td><div class="stacktrace">java.lang.AssertionError: Expected status code is 400 expected [400] but found [208]
	at TestCases.PostBookAPITests.testCreateBookWithMissingTitleAsAdmin(PostBookAPITests.java:84)
	at java.base/java.util.ArrayList.forEach(ArrayList.java:1511)
... Removed 36 stack frames</div></td></tr></table><p class="totop"><a href="#summary">back to summary</a></p>
<h3 id="m8">TestCases.PostBookAPITests#testCreateBookWithNumericAuthorAsAdmin</h3><table class="result"><tr><th>Exception</th></tr><tr><td><div class="stacktrace">java.lang.AssertionError: Expected status code is 400 expected [400] but found [208]
	at TestCases.PostBookAPITests.testCreateBookWithNumericAuthorAsAdmin(PostBookAPITests.java:128)
	at java.base/java.util.ArrayList.forEach(ArrayList.java:1511)
... Removed 36 stack frames</div></td></tr></table><p class="totop"><a href="#summary">back to summary</a></p>
<h3 id="m9">TestCases.PostBookAPITests#testCreateBookWithNumericTitleAsAdmin</h3><table class="result"><tr><th>Exception</th></tr><tr><td><div class="stacktrace">java.lang.AssertionError: Expected status code is 400 expected [400] but found [208]
	at TestCases.PostBookAPITests.testCreateBookWithNumericTitleAsAdmin(PostBookAPITests.java:108)
	at java.base/java.util.ArrayList.forEach(ArrayList.java:1511)
... Removed 36 stack frames</div></td></tr></table><p class="totop"><a href="#summary">back to summary</a></p>
<h3 id="m10">TestCases.PostBookAPITests#testCreateBookWithValidData</h3><table class="result"><tr><th>Exception</th></tr><tr><td><div class="stacktrace">java.lang.AssertionError: Expected status code is 201 expected [201] but found [208]
	at TestCases.PostBookAPITests.testCreateBookWithValidData(PostBookAPITests.java:40)
	at java.base/java.util.ArrayList.forEach(ArrayList.java:1511)
... Removed 36 stack frames</div></td></tr></table><p class="totop"><a href="#summary">back to summary</a></p>
<h3 id="m11">TestCases.PostBookAPITests#testCreateBookWithValidDataAsAdmin</h3><table class="result"><tr><th>Exception</th></tr><tr><td><div class="stacktrace">java.lang.AssertionError: Expected status code is 201 expected [201] but found [208]
	at TestCases.PostBookAPITests.testCreateBookWithValidDataAsAdmin(PostBookAPITests.java:63)
	at java.base/java.util.ArrayList.forEach(ArrayList.java:1511)
... Removed 36 stack frames</div></td></tr></table><p class="totop"><a href="#summary">back to summary</a></p>
<h3 id="m12">TestCases.PutBookAPITests#testUpdateBookWithAnotherBooksTitleAsAdmin</h3><table class="result"><tr><th>Exception</th></tr><tr><td><div class="stacktrace">java.lang.AssertionError: Expected status code is 400 for using another book&apos;s title expected [400] but found [404]
	at TestCases.PutBookAPITests.testUpdateBookWithAnotherBooksTitleAsAdmin(PutBookAPITests.java:220)
	at java.base/java.util.ArrayList.forEach(ArrayList.java:1511)
... Removed 36 stack frames</div></td></tr></table><p class="totop"><a href="#summary">back to summary</a></p>
<h3 id="m13">TestCases.PutBookAPITests#testUpdateBookWithEmptyAuthor</h3><table class="result"><tr><th>Exception</th></tr><tr><td><div class="stacktrace">java.lang.AssertionError: Expected status code is 400 for empty author expected [400] but found [200]
	at TestCases.PutBookAPITests.testUpdateBookWithEmptyAuthor(PutBookAPITests.java:117)
	at java.base/java.util.ArrayList.forEach(ArrayList.java:1511)
... Removed 36 stack frames</div></td></tr></table><p class="totop"><a href="#summary">back to summary</a></p>
<h3 id="m14">TestCases.PutBookAPITests#testUpdateBookWithMissingOrInvalidTitleAsAdmin</h3><table class="result"><tr><th>Exception</th></tr><tr><td><div class="stacktrace">java.lang.AssertionError: Expected status code is 400 for missing/empty title expected [400] but found [200]
	at TestCases.PutBookAPITests.testUpdateBookWithMissingOrInvalidTitleAsAdmin(PutBookAPITests.java:185)
	at java.base/java.util.ArrayList.forEach(ArrayList.java:1511)
... Removed 36 stack frames</div></td></tr></table><p class="totop"><a href="#summary">back to summary</a></p>
<h3 id="m15">TestCases.PutBookAPITests#testUpdateBookWithMissingTitleAndAuthor</h3><table class="result"><tr><th>Exception</th></tr><tr><td><div class="stacktrace">java.lang.AssertionError: Expected status code is 400 for missing fields expected [400] but found [208]
	at TestCases.PutBookAPITests.testUpdateBookWithMissingTitleAndAuthor(PutBookAPITests.java:162)
	at java.base/java.util.ArrayList.forEach(ArrayList.java:1511)
... Removed 36 stack frames</div></td></tr></table><p class="totop"><a href="#summary">back to summary</a></p>
<h3 id="m16">TestCases.PutBookAPITests#testUpdateBookWithNoneParametersAsAdmin</h3><table class="result"><tr><th>Exception</th></tr><tr><td><div class="stacktrace">java.lang.AssertionError: Response should indicate invalid input parameters expected [true] but found [false]
	at TestCases.PutBookAPITests.testUpdateBookWithNoneParametersAsAdmin(PutBookAPITests.java:243)
	at java.base/java.util.ArrayList.forEach(ArrayList.java:1511)
... Removed 34 stack frames</div></td></tr></table><p class="totop"><a href="#summary">back to summary</a></p>
<h3 id="m17">TestCases.PutBookAPITests#testUpdateBookWithValidDataAsAdmin</h3><table class="result"><tr><th>Exception</th></tr><tr><td><div class="stacktrace">java.lang.AssertionError: Expected status code is 200 Book details updated successfully expected [200] but found [208]
	at TestCases.PutBookAPITests.testUpdateBookWithValidDataAsAdmin(PutBookAPITests.java:46)
	at java.base/java.util.ArrayList.forEach(ArrayList.java:1511)
... Removed 36 stack frames</div></td></tr></table><p class="totop"><a href="#summary">back to summary</a></p>
<h3 id="m18">TestCases.GetBookAPITests#testGetAllBooksAsAdmin</h3><table class="result"><tr><th class="invisible"/></tr></table><p class="totop"><a href="#summary">back to summary</a></p>
<h3 id="m19">TestCases.GetBookAPITests#testGetAllBooksAsUser</h3><table class="result"><tr><th class="invisible"/></tr></table><p class="totop"><a href="#summary">back to summary</a></p>
<h3 id="m20">TestCases.GetBookAPITests#testGetBookByIdAsAdmin</h3><table class="result"><tr><th class="invisible"/></tr></table><p class="totop"><a href="#summary">back to summary</a></p>
<h3 id="m21">TestCases.GetBookAPITests#testGetBookByInvalidIdAsAdmin</h3><table class="result"><tr><th class="invisible"/></tr></table><p class="totop"><a href="#summary">back to summary</a></p>
<h3 id="m22">TestCases.PostBookAPITests#testCreateBookWithDuplicateTitle</h3><table class="result"><tr><th class="invisible"/></tr></table><p class="totop"><a href="#summary">back to summary</a></p>
<h3 id="m23">TestCases.PutBookAPITests#testUpdateBookWithAnotherBooksId</h3><table class="result"><tr><th class="invisible"/></tr></table><p class="totop"><a href="#summary">back to summary</a></p>
<h3 id="m24">TestCases.PutBookAPITests#testUpdateBookWithInvalidIdAsAdmin</h3><table class="result"><tr><th class="invisible"/></tr></table><p class="totop"><a href="#summary">back to summary</a></p>
<h3 id="m25">TestCases.PutBookAPITests#testUpdateBookWithValidDataAsUser</h3><table class="result"><tr><th class="invisible"/></tr></table><p class="totop"><a href="#summary">back to summary</a></p>
<h2>UI Tests</h2><h3 id="m26">UITestCases.BuggyCarsUITests#testChangePasswordSuccessfully</h3><table class="result"><tr><th>Exception</th></tr><tr><td><div class="stacktrace">org.openqa.selenium.TimeoutException: Expected condition failed: waiting for visibility of element located by By.xpath: //div[contains(@class, &apos;alert-success&apos;) and contains(text(), &apos;The profile has been saved successful&apos;)] (tried for 20 second(s) with 500 milliseconds interval)
Build info: version: &apos;4.12.0&apos;, revision: &apos;249f2a7d1b*&apos;
System info: os.name: &apos;Windows 11&apos;, os.arch: &apos;amd64&apos;, os.version: &apos;10.0&apos;, java.version: &apos;17.0.9&apos;
Driver info: org.openqa.selenium.chrome.ChromeDriver
Capabilities {acceptInsecureCerts: false, browserName: chrome, browserVersion: 131.0.6778.205, chrome: {chromedriverVersion: 131.0.6778.204 (52183f9e99a..., userDataDir: C:\Users\SASITH~1\AppData\L...}, fedcm:accounts: true, goog:chromeOptions: {debuggerAddress: localhost:58461}, networkConnectionEnabled: false, pageLoadStrategy: normal, platformName: windows, proxy: Proxy(), se:cdp: ws://localhost:58461/devtoo..., se:cdpVersion: 131.0.6778.205, setWindowRect: true, strictFileInteractability: false, timeouts: {implicit: 0, pageLoad: 300000, script: 30000}, unhandledPromptBehavior: dismiss and notify, webauthn:extension:credBlob: true, webauthn:extension:largeBlob: true, webauthn:extension:minPinLength: true, webauthn:extension:prf: true, webauthn:virtualAuthenticators: true}
Session ID: 0f3202697f71e1b836480ab82cbb744f
	at org.openqa.selenium.support.ui.WebDriverWait.timeoutException(WebDriverWait.java:84)
	at org.openqa.selenium.support.ui.FluentWait.until(FluentWait.java:230)
	at UITestCases.BuggyCarsUITests.testChangePasswordSuccessfully(BuggyCarsUITests.java:202)
	at java.base/java.util.ArrayList.forEach(ArrayList.java:1511)
... Removed 31 stack frames</div></td></tr></table><p class="totop"><a href="#summary">back to summary</a></p>
<h3 id="m27">UITestCases.BuggyCarsUITests#testCommentCharacterLimit</h3><table class="result"><tr><th>Exception</th></tr><tr><td><div class="stacktrace">org.openqa.selenium.NoSuchElementException: no such element: Unable to locate element: {&quot;method&quot;:&quot;link text&quot;,&quot;selector&quot;:&quot;Overall Rating&quot;}
  (Session info: chrome=131.0.6778.205)
For documentation on this error, please visit: https://www.selenium.dev/documentation/webdriver/troubleshooting/errors#no-such-element-exception
Build info: version: &apos;4.12.0&apos;, revision: &apos;249f2a7d1b*&apos;
System info: os.name: &apos;Windows 11&apos;, os.arch: &apos;amd64&apos;, os.version: &apos;10.0&apos;, java.version: &apos;17.0.9&apos;
Driver info: org.openqa.selenium.chrome.ChromeDriver
Command: [f504b46783588f8120aa16009735b931, findElement {using=link text, value=Overall Rating}]
Capabilities {acceptInsecureCerts: false, browserName: chrome, browserVersion: 131.0.6778.205, chrome: {chromedriverVersion: 131.0.6778.204 (52183f9e99a..., userDataDir: C:\Users\SASITH~1\AppData\L...}, fedcm:accounts: true, goog:chromeOptions: {debuggerAddress: localhost:58527}, networkConnectionEnabled: false, pageLoadStrategy: normal, platformName: windows, proxy: Proxy(), se:cdp: ws://localhost:58527/devtoo..., se:cdpVersion: 131.0.6778.205, setWindowRect: true, strictFileInteractability: false, timeouts: {implicit: 0, pageLoad: 300000, script: 30000}, unhandledPromptBehavior: dismiss and notify, webauthn:extension:credBlob: true, webauthn:extension:largeBlob: true, webauthn:extension:minPinLength: true, webauthn:extension:prf: true, webauthn:virtualAuthenticators: true}
Session ID: f504b46783588f8120aa16009735b931
	at org.openqa.selenium.remote.codec.w3c.W3CHttpResponseCodec.createException(W3CHttpResponseCodec.java:200)
	at org.openqa.selenium.remote.codec.w3c.W3CHttpResponseCodec.decode(W3CHttpResponseCodec.java:133)
	at org.openqa.selenium.remote.codec.w3c.W3CHttpResponseCodec.decode(W3CHttpResponseCodec.java:52)
	at org.openqa.selenium.remote.HttpCommandExecutor.execute(HttpCommandExecutor.java:191)
	at org.openqa.selenium.remote.service.DriverCommandExecutor.invokeExecute(DriverCommandExecutor.java:196)
	at org.openqa.selenium.remote.service.DriverCommandExecutor.execute(DriverCommandExecutor.java:171)
	at org.openqa.selenium.remote.RemoteWebDriver.execute(RemoteWebDriver.java:602)
	at org.openqa.selenium.remote.ElementLocation$ElementFinder$2.findElement(ElementLocation.java:165)
	at org.openqa.selenium.remote.ElementLocation.findElement(ElementLocation.java:59)
	at org.openqa.selenium.remote.RemoteWebDriver.findElement(RemoteWebDriver.java:359)
	at org.openqa.selenium.remote.RemoteWebDriver.findElement(RemoteWebDriver.java:353)
	at UITestCases.BuggyCarsUITests.testCommentCharacterLimit(BuggyCarsUITests.java:156)
	at java.base/java.util.ArrayList.forEach(ArrayList.java:1511)
... Removed 35 stack frames</div></td></tr></table><p class="totop"><a href="#summary">back to summary</a></p>
<h3 id="m28">UITestCases.BuggyCarsUITests#testLogoutFunctionality</h3><table class="result"><tr><th>Exception</th></tr><tr><td><div class="stacktrace">java.lang.AssertionError: expected [true] but found [false]
	at UITestCases.BuggyCarsUITests.testLogoutFunctionality(BuggyCarsUITests.java:171)
	at java.base/java.util.ArrayList.forEach(ArrayList.java:1511)
... Removed 35 stack frames</div></td></tr></table><p class="totop"><a href="#summary">back to summary</a></p>
<h3 id="m29">UITestCases.BuggyCarsUITests#testMissingFieldsInRegistration</h3><table class="result"><tr><th>Exception</th></tr><tr><td><div class="stacktrace">java.lang.AssertionError: expected [true] but found [false]
	at UITestCases.BuggyCarsUITests.testMissingFieldsInRegistration(BuggyCarsUITests.java:81)
	at java.base/java.util.ArrayList.forEach(ArrayList.java:1511)
... Removed 35 stack frames</div></td></tr></table><p class="totop"><a href="#summary">back to summary</a></p>
<h3 id="m30">UITestCases.BuggyCarsUITests#testProfilePageAccessibility</h3><table class="result"><tr><th>Exception</th></tr><tr><td><div class="stacktrace">java.lang.AssertionError: expected [true] but found [false]
	at UITestCases.BuggyCarsUITests.testProfilePageAccessibility(BuggyCarsUITests.java:141)
	at java.base/java.util.ArrayList.forEach(ArrayList.java:1511)
... Removed 35 stack frames</div></td></tr></table><p class="totop"><a href="#summary">back to summary</a></p>
<h3 id="m31">UITestCases.BuggyCarsUITests#testWeakPasswordRegistration</h3><table class="result"><tr><th>Exception</th></tr><tr><td><div class="stacktrace">java.lang.AssertionError: expected [true] but found [false]
	at UITestCases.BuggyCarsUITests.testWeakPasswordRegistration(BuggyCarsUITests.java:134)
	at java.base/java.util.ArrayList.forEach(ArrayList.java:1511)
... Removed 35 stack frames</div></td></tr></table><p class="totop"><a href="#summary">back to summary</a></p>
<h3 id="m32">UITestCases.BuggyCarsUITests#testAccessibilityOfLinks</h3><table class="result"><tr><th class="invisible"/></tr></table><p class="totop"><a href="#summary">back to summary</a></p>
<h3 id="m33">UITestCases.BuggyCarsUITests#testBrokenLinksOnHomepage</h3><table class="result"><tr><th class="invisible"/></tr></table><p class="totop"><a href="#summary">back to summary</a></p>
<h3 id="m34">UITestCases.BuggyCarsUITests#testChangePasswordWithInvalidCurrentPassword</h3><table class="result"><tr><th class="invisible"/></tr></table><p class="totop"><a href="#summary">back to summary</a></p>
<h3 id="m35">UITestCases.BuggyCarsUITests#testLoginWithValidCredentials</h3><table class="result"><tr><th class="invisible"/></tr></table><p class="totop"><a href="#summary">back to summary</a></p>
<h3 id="m36">UITestCases.BuggyCarsUITests#testPageTitle</h3><table class="result"><tr><th class="invisible"/></tr></table><p class="totop"><a href="#summary">back to summary</a></p>
<h3 id="m37">UITestCases.BuggyCarsUITests#testResponsiveUI</h3><table class="result"><tr><th class="invisible"/></tr></table><p class="totop"><a href="#summary">back to summary</a></p>
<h3 id="m38">UITestCases.BuggyCarsUITests#testSuccessfulRegistration</h3><table class="result"><tr><th class="invisible"/></tr></table><p class="totop"><a href="#summary">back to summary</a></p>
<h3 id="m39">UITestCases.BuggyCarsUITests#testunSuccessfulRegistrationWhileExistingUsername</h3><table class="result"><tr><th class="invisible"/></tr></table><p class="totop"><a href="#summary">back to summary</a></p>
</body>
</html>
