<!DOCTYPE html>

<html>
  <head>
  <meta charset='utf-8'>
  <title>TestNG reports</title>

    <link type="text/css" href="testng-reports1.css" rel="stylesheet" id="ultra" />
    <link type="text/css" href="testng-reports.css" rel="stylesheet" id="retro" disabled="false"/>
    <script type="text/javascript" src="jquery-3.6.0.min.js"></script>
    <script type="text/javascript" src="testng-reports.js"></script>
    <script type="text/javascript" src="https://www.google.com/jsapi"></script>
    <script type='text/javascript'>
      google.load('visualization', '1', {packages:['table']});
      google.setOnLoadCallback(drawTable);
      var suiteTableInitFunctions = new Array();
      var suiteTableData = new Array();
    </script>
    <!--
      <script type="text/javascript" src="jquery-ui/js/jquery-ui-1.8.16.custom.min.js"></script>
     -->
  </head>

  <body>    <div class="top-banner-root">
      <span class="top-banner-title-font">Test results</span>
      <button id="button" class="button">Switch Retro Theme</button> <!-- button -->
      <br/>
      <span class="top-banner-font-1">1 suite, 24 failed tests</span>
    </div> <!-- top-banner-root -->
    <div class="navigator-root">
      <div class="navigator-suite-header">
        <span>All suites</span>
        <a href="#" title="Collapse/expand all the suites" class="collapse-all-link">
          <img src="collapseall.gif" class="collapse-all-icon">
          </img> <!-- collapse-all-icon -->
        </a> <!-- collapse-all-link -->
      </div> <!-- navigator-suite-header -->
      <div class="suite">
        <div class="rounded-window">
          <div class="suite-header light-rounded-window-top">
            <a href="#" panel-name="suite-LibraryAPITests" class="navigator-link">
              <span class="suite-name border-failed">LibraryAPITests</span>
            </a> <!-- navigator-link -->
          </div> <!-- suite-header light-rounded-window-top -->
          <div class="navigator-suite-content">
            <div class="suite-section-title">
              <span>Info</span>
            </div> <!-- suite-section-title -->
            <div class="suite-section-content">
              <ul>
                <li>
                  <a href="#" panel-name="test-xml-LibraryAPITests" class="navigator-link ">
                    <span>H:\Group_01_GitRepository\src\test\resources\testng.xml</span>
                  </a> <!-- navigator-link  -->
                </li>
                <li>
                  <a href="#" panel-name="testlist-LibraryAPITests" class="navigator-link ">
                    <span class="test-stats">2 tests</span>
                  </a> <!-- navigator-link  -->
                </li>
                <li>
                  <a href="#" panel-name="group-LibraryAPITests" class="navigator-link ">
                    <span>0 groups</span>
                  </a> <!-- navigator-link  -->
                </li>
                <li>
                  <a href="#" panel-name="times-LibraryAPITests" class="navigator-link ">
                    <span>Times</span>
                  </a> <!-- navigator-link  -->
                </li>
                <li>
                  <a href="#" panel-name="reporter-LibraryAPITests" class="navigator-link ">
                    <span>Reporter output</span>
                  </a> <!-- navigator-link  -->
                </li>
                <li>
                  <a href="#" panel-name="ignored-methods-LibraryAPITests" class="navigator-link ">
                    <span>Ignored methods</span>
                  </a> <!-- navigator-link  -->
                </li>
                <li>
                  <a href="#" panel-name="chronological-LibraryAPITests" class="navigator-link ">
                    <span>Chronological view</span>
                  </a> <!-- navigator-link  -->
                </li>
              </ul>
            </div> <!-- suite-section-content -->
            <div class="result-section">
              <div class="suite-section-title">
                <span>Results</span>
              </div> <!-- suite-section-title -->
              <div class="suite-section-content">
                <ul>
                  <li>
                    <span class="method-stats">40 methods, 24 failed,   16 passed</span>
                  </li>
                  <li>
                    <span class="method-list-title failed">Failed methods</span>
                    <span class="show-or-hide-methods failed">
                      <a href="#" panel-name="suite-LibraryAPITests" class="hide-methods failed suite-LibraryAPITests"> (hide)</a> <!-- hide-methods failed suite-LibraryAPITests -->
                      <a href="#" panel-name="suite-LibraryAPITests" class="show-methods failed suite-LibraryAPITests"> (show)</a> <!-- show-methods failed suite-LibraryAPITests -->
                    </span>
                    <div class="method-list-content failed suite-LibraryAPITests">
                      <span>
                        <img src="failed.png" width="3%"/>
                        <a href="#" panel-name="suite-LibraryAPITests" title="UITestCases.BuggyCarsUITests" class="method navigator-link" hash-for-method="testChangePasswordSuccessfully">testChangePasswordSuccessfully</a> <!-- method navigator-link -->
                      </span>
                      <br/>
                      <span>
                        <img src="failed.png" width="3%"/>
                        <a href="#" panel-name="suite-LibraryAPITests" title="UITestCases.BuggyCarsUITests" class="method navigator-link" hash-for-method="testCommentCharacterLimit">testCommentCharacterLimit</a> <!-- method navigator-link -->
                      </span>
                      <br/>
                      <span>
                        <img src="failed.png" width="3%"/>
                        <a href="#" panel-name="suite-LibraryAPITests" title="TestCases.PostBookAPITests" class="method navigator-link" hash-for-method="testCreateBookWithDuplicateIdAsAdmin">testCreateBookWithDuplicateIdAsAdmin</a> <!-- method navigator-link -->
                      </span>
                      <br/>
                      <span>
                        <img src="failed.png" width="3%"/>
                        <a href="#" panel-name="suite-LibraryAPITests" title="TestCases.PostBookAPITests" class="method navigator-link" hash-for-method="testCreateBookWithMissingAuthor">testCreateBookWithMissingAuthor</a> <!-- method navigator-link -->
                      </span>
                      <br/>
                      <span>
                        <img src="failed.png" width="3%"/>
                        <a href="#" panel-name="suite-LibraryAPITests" title="TestCases.PostBookAPITests" class="method navigator-link" hash-for-method="testCreateBookWithMissingTitleAsAdmin">testCreateBookWithMissingTitleAsAdmin</a> <!-- method navigator-link -->
                      </span>
                      <br/>
                      <span>
                        <img src="failed.png" width="3%"/>
                        <a href="#" panel-name="suite-LibraryAPITests" title="TestCases.PostBookAPITests" class="method navigator-link" hash-for-method="testCreateBookWithNumericAuthorAsAdmin">testCreateBookWithNumericAuthorAsAdmin</a> <!-- method navigator-link -->
                      </span>
                      <br/>
                      <span>
                        <img src="failed.png" width="3%"/>
                        <a href="#" panel-name="suite-LibraryAPITests" title="TestCases.PostBookAPITests" class="method navigator-link" hash-for-method="testCreateBookWithNumericTitleAsAdmin">testCreateBookWithNumericTitleAsAdmin</a> <!-- method navigator-link -->
                      </span>
                      <br/>
                      <span>
                        <img src="failed.png" width="3%"/>
                        <a href="#" panel-name="suite-LibraryAPITests" title="TestCases.PostBookAPITests" class="method navigator-link" hash-for-method="testCreateBookWithValidData">testCreateBookWithValidData</a> <!-- method navigator-link -->
                      </span>
                      <br/>
                      <span>
                        <img src="failed.png" width="3%"/>
                        <a href="#" panel-name="suite-LibraryAPITests" title="TestCases.PostBookAPITests" class="method navigator-link" hash-for-method="testCreateBookWithValidDataAsAdmin">testCreateBookWithValidDataAsAdmin</a> <!-- method navigator-link -->
                      </span>
                      <br/>
                      <span>
                        <img src="failed.png" width="3%"/>
                        <a href="#" panel-name="suite-LibraryAPITests" title="TestCases.DeleteBookAPITests" class="method navigator-link" hash-for-method="testDeleteBookAsUser">testDeleteBookAsUser</a> <!-- method navigator-link -->
                      </span>
                      <br/>
                      <span>
                        <img src="failed.png" width="3%"/>
                        <a href="#" panel-name="suite-LibraryAPITests" title="TestCases.DeleteBookAPITests" class="method navigator-link" hash-for-method="testDeleteBookWithInvalidIdAsAdmin">testDeleteBookWithInvalidIdAsAdmin</a> <!-- method navigator-link -->
                      </span>
                      <br/>
                      <span>
                        <img src="failed.png" width="3%"/>
                        <a href="#" panel-name="suite-LibraryAPITests" title="TestCases.DeleteBookAPITests" class="method navigator-link" hash-for-method="testDeleteBookWithValidIdAsAdmin">testDeleteBookWithValidIdAsAdmin</a> <!-- method navigator-link -->
                      </span>
                      <br/>
                      <span>
                        <img src="failed.png" width="3%"/>
                        <a href="#" panel-name="suite-LibraryAPITests" title="TestCases.GetBookAPITests" class="method navigator-link" hash-for-method="testGetBookByIdAsRegularUser">testGetBookByIdAsRegularUser</a> <!-- method navigator-link -->
                      </span>
                      <br/>
                      <span>
                        <img src="failed.png" width="3%"/>
                        <a href="#" panel-name="suite-LibraryAPITests" title="TestCases.GetBookAPITests" class="method navigator-link" hash-for-method="testGetBookByIdAsUser">testGetBookByIdAsUser</a> <!-- method navigator-link -->
                      </span>
                      <br/>
                      <span>
                        <img src="failed.png" width="3%"/>
                        <a href="#" panel-name="suite-LibraryAPITests" title="UITestCases.BuggyCarsUITests" class="method navigator-link" hash-for-method="testLogoutFunctionality">testLogoutFunctionality</a> <!-- method navigator-link -->
                      </span>
                      <br/>
                      <span>
                        <img src="failed.png" width="3%"/>
                        <a href="#" panel-name="suite-LibraryAPITests" title="UITestCases.BuggyCarsUITests" class="method navigator-link" hash-for-method="testMissingFieldsInRegistration">testMissingFieldsInRegistration</a> <!-- method navigator-link -->
                      </span>
                      <br/>
                      <span>
                        <img src="failed.png" width="3%"/>
                        <a href="#" panel-name="suite-LibraryAPITests" title="UITestCases.BuggyCarsUITests" class="method navigator-link" hash-for-method="testProfilePageAccessibility">testProfilePageAccessibility</a> <!-- method navigator-link -->
                      </span>
                      <br/>
                      <span>
                        <img src="failed.png" width="3%"/>
                        <a href="#" panel-name="suite-LibraryAPITests" title="TestCases.PutBookAPITests" class="method navigator-link" hash-for-method="testUpdateBookWithAnotherBooksTitleAsAdmin">testUpdateBookWithAnotherBooksTitleAsAdmin</a> <!-- method navigator-link -->
                      </span>
                      <br/>
                      <span>
                        <img src="failed.png" width="3%"/>
                        <a href="#" panel-name="suite-LibraryAPITests" title="TestCases.PutBookAPITests" class="method navigator-link" hash-for-method="testUpdateBookWithEmptyAuthor">testUpdateBookWithEmptyAuthor</a> <!-- method navigator-link -->
                      </span>
                      <br/>
                      <span>
                        <img src="failed.png" width="3%"/>
                        <a href="#" panel-name="suite-LibraryAPITests" title="TestCases.PutBookAPITests" class="method navigator-link" hash-for-method="testUpdateBookWithMissingOrInvalidTitleAsAdmin">testUpdateBookWithMissingOrInvalidTitleAsAdmin</a> <!-- method navigator-link -->
                      </span>
                      <br/>
                      <span>
                        <img src="failed.png" width="3%"/>
                        <a href="#" panel-name="suite-LibraryAPITests" title="TestCases.PutBookAPITests" class="method navigator-link" hash-for-method="testUpdateBookWithMissingTitleAndAuthor">testUpdateBookWithMissingTitleAndAuthor</a> <!-- method navigator-link -->
                      </span>
                      <br/>
                      <span>
                        <img src="failed.png" width="3%"/>
                        <a href="#" panel-name="suite-LibraryAPITests" title="TestCases.PutBookAPITests" class="method navigator-link" hash-for-method="testUpdateBookWithNoneParametersAsAdmin">testUpdateBookWithNoneParametersAsAdmin</a> <!-- method navigator-link -->
                      </span>
                      <br/>
                      <span>
                        <img src="failed.png" width="3%"/>
                        <a href="#" panel-name="suite-LibraryAPITests" title="TestCases.PutBookAPITests" class="method navigator-link" hash-for-method="testUpdateBookWithValidDataAsAdmin">testUpdateBookWithValidDataAsAdmin</a> <!-- method navigator-link -->
                      </span>
                      <br/>
                      <span>
                        <img src="failed.png" width="3%"/>
                        <a href="#" panel-name="suite-LibraryAPITests" title="UITestCases.BuggyCarsUITests" class="method navigator-link" hash-for-method="testWeakPasswordRegistration">testWeakPasswordRegistration</a> <!-- method navigator-link -->
                      </span>
                      <br/>
                    </div> <!-- method-list-content failed suite-LibraryAPITests -->
                  </li>
                  <li>
                    <span class="method-list-title passed">Passed methods</span>
                    <span class="show-or-hide-methods passed">
                      <a href="#" panel-name="suite-LibraryAPITests" class="hide-methods passed suite-LibraryAPITests"> (hide)</a> <!-- hide-methods passed suite-LibraryAPITests -->
                      <a href="#" panel-name="suite-LibraryAPITests" class="show-methods passed suite-LibraryAPITests"> (show)</a> <!-- show-methods passed suite-LibraryAPITests -->
                    </span>
                    <div class="method-list-content passed suite-LibraryAPITests">
                      <span>
                        <img src="passed.png" width="3%"/>
                        <a href="#" panel-name="suite-LibraryAPITests" title="UITestCases.BuggyCarsUITests" class="method navigator-link" hash-for-method="testAccessibilityOfLinks">testAccessibilityOfLinks</a> <!-- method navigator-link -->
                      </span>
                      <br/>
                      <span>
                        <img src="passed.png" width="3%"/>
                        <a href="#" panel-name="suite-LibraryAPITests" title="UITestCases.BuggyCarsUITests" class="method navigator-link" hash-for-method="testBrokenLinksOnHomepage">testBrokenLinksOnHomepage</a> <!-- method navigator-link -->
                      </span>
                      <br/>
                      <span>
                        <img src="passed.png" width="3%"/>
                        <a href="#" panel-name="suite-LibraryAPITests" title="UITestCases.BuggyCarsUITests" class="method navigator-link" hash-for-method="testChangePasswordWithInvalidCurrentPassword">testChangePasswordWithInvalidCurrentPassword</a> <!-- method navigator-link -->
                      </span>
                      <br/>
                      <span>
                        <img src="passed.png" width="3%"/>
                        <a href="#" panel-name="suite-LibraryAPITests" title="TestCases.PostBookAPITests" class="method navigator-link" hash-for-method="testCreateBookWithDuplicateTitle">testCreateBookWithDuplicateTitle</a> <!-- method navigator-link -->
                      </span>
                      <br/>
                      <span>
                        <img src="passed.png" width="3%"/>
                        <a href="#" panel-name="suite-LibraryAPITests" title="TestCases.GetBookAPITests" class="method navigator-link" hash-for-method="testGetAllBooksAsAdmin">testGetAllBooksAsAdmin</a> <!-- method navigator-link -->
                      </span>
                      <br/>
                      <span>
                        <img src="passed.png" width="3%"/>
                        <a href="#" panel-name="suite-LibraryAPITests" title="TestCases.GetBookAPITests" class="method navigator-link" hash-for-method="testGetAllBooksAsUser">testGetAllBooksAsUser</a> <!-- method navigator-link -->
                      </span>
                      <br/>
                      <span>
                        <img src="passed.png" width="3%"/>
                        <a href="#" panel-name="suite-LibraryAPITests" title="TestCases.GetBookAPITests" class="method navigator-link" hash-for-method="testGetBookByIdAsAdmin">testGetBookByIdAsAdmin</a> <!-- method navigator-link -->
                      </span>
                      <br/>
                      <span>
                        <img src="passed.png" width="3%"/>
                        <a href="#" panel-name="suite-LibraryAPITests" title="TestCases.GetBookAPITests" class="method navigator-link" hash-for-method="testGetBookByInvalidIdAsAdmin">testGetBookByInvalidIdAsAdmin</a> <!-- method navigator-link -->
                      </span>
                      <br/>
                      <span>
                        <img src="passed.png" width="3%"/>
                        <a href="#" panel-name="suite-LibraryAPITests" title="UITestCases.BuggyCarsUITests" class="method navigator-link" hash-for-method="testLoginWithValidCredentials">testLoginWithValidCredentials</a> <!-- method navigator-link -->
                      </span>
                      <br/>
                      <span>
                        <img src="passed.png" width="3%"/>
                        <a href="#" panel-name="suite-LibraryAPITests" title="UITestCases.BuggyCarsUITests" class="method navigator-link" hash-for-method="testPageTitle">testPageTitle</a> <!-- method navigator-link -->
                      </span>
                      <br/>
                      <span>
                        <img src="passed.png" width="3%"/>
                        <a href="#" panel-name="suite-LibraryAPITests" title="UITestCases.BuggyCarsUITests" class="method navigator-link" hash-for-method="testResponsiveUI">testResponsiveUI</a> <!-- method navigator-link -->
                      </span>
                      <br/>
                      <span>
                        <img src="passed.png" width="3%"/>
                        <a href="#" panel-name="suite-LibraryAPITests" title="UITestCases.BuggyCarsUITests" class="method navigator-link" hash-for-method="testSuccessfulRegistration">testSuccessfulRegistration</a> <!-- method navigator-link -->
                      </span>
                      <br/>
                      <span>
                        <img src="passed.png" width="3%"/>
                        <a href="#" panel-name="suite-LibraryAPITests" title="TestCases.PutBookAPITests" class="method navigator-link" hash-for-method="testUpdateBookWithAnotherBooksId">testUpdateBookWithAnotherBooksId</a> <!-- method navigator-link -->
                      </span>
                      <br/>
                      <span>
                        <img src="passed.png" width="3%"/>
                        <a href="#" panel-name="suite-LibraryAPITests" title="TestCases.PutBookAPITests" class="method navigator-link" hash-for-method="testUpdateBookWithInvalidIdAsAdmin">testUpdateBookWithInvalidIdAsAdmin</a> <!-- method navigator-link -->
                      </span>
                      <br/>
                      <span>
                        <img src="passed.png" width="3%"/>
                        <a href="#" panel-name="suite-LibraryAPITests" title="TestCases.PutBookAPITests" class="method navigator-link" hash-for-method="testUpdateBookWithValidDataAsUser">testUpdateBookWithValidDataAsUser</a> <!-- method navigator-link -->
                      </span>
                      <br/>
                      <span>
                        <img src="passed.png" width="3%"/>
                        <a href="#" panel-name="suite-LibraryAPITests" title="UITestCases.BuggyCarsUITests" class="method navigator-link" hash-for-method="testunSuccessfulRegistrationWhileExistingUsername">testunSuccessfulRegistrationWhileExistingUsername</a> <!-- method navigator-link -->
                      </span>
                      <br/>
                    </div> <!-- method-list-content passed suite-LibraryAPITests -->
                  </li>
                </ul>
              </div> <!-- suite-section-content -->
            </div> <!-- result-section -->
          </div> <!-- navigator-suite-content -->
        </div> <!-- rounded-window -->
      </div> <!-- suite -->
    </div> <!-- navigator-root -->
    <div class="wrapper">
      <div class="main-panel-root">
        <div panel-name="suite-LibraryAPITests" class="panel LibraryAPITests">
          <div class="suite-LibraryAPITests-class-failed">
            <div class="main-panel-header rounded-window-top">
              <img src="failed.png"/>
              <span class="class-name">UITestCases.BuggyCarsUITests</span>
            </div> <!-- main-panel-header rounded-window-top -->
            <div class="main-panel-content rounded-window-bottom">
              <div class="method">
                <div class="method-content">
                  <a name="testChangePasswordSuccessfully">
                  </a> <!-- testChangePasswordSuccessfully -->
                  <span class="method-name">testChangePasswordSuccessfully</span>
                  <div class="stack-trace">org.openqa.selenium.TimeoutException: Expected condition failed: waiting for visibility of element located by By.xpath: //div[contains(@class, &apos;alert-success&apos;) and contains(text(), &apos;The profile has been saved successful&apos;)] (tried for 20 second(s) with 500 milliseconds interval)
Build info: version: &apos;4.12.0&apos;, revision: &apos;249f2a7d1b*&apos;
System info: os.name: &apos;Windows 11&apos;, os.arch: &apos;amd64&apos;, os.version: &apos;10.0&apos;, java.version: &apos;17.0.9&apos;
Driver info: org.openqa.selenium.chrome.ChromeDriver
Capabilities {acceptInsecureCerts: false, browserName: chrome, browserVersion: 131.0.6778.205, chrome: {chromedriverVersion: 131.0.6778.204 (52183f9e99a..., userDataDir: C:\Users\SASITH~1\AppData\L...}, fedcm:accounts: true, goog:chromeOptions: {debuggerAddress: localhost:58461}, networkConnectionEnabled: false, pageLoadStrategy: normal, platformName: windows, proxy: Proxy(), se:cdp: ws://localhost:58461/devtoo..., se:cdpVersion: 131.0.6778.205, setWindowRect: true, strictFileInteractability: false, timeouts: {implicit: 0, pageLoad: 300000, script: 30000}, unhandledPromptBehavior: dismiss and notify, webauthn:extension:credBlob: true, webauthn:extension:largeBlob: true, webauthn:extension:minPinLength: true, webauthn:extension:prf: true, webauthn:virtualAuthenticators: true}
Session ID: 0f3202697f71e1b836480ab82cbb744f
	at org.openqa.selenium.support.ui.WebDriverWait.timeoutException(WebDriverWait.java:84)
	at org.openqa.selenium.support.ui.FluentWait.until(FluentWait.java:230)
	at UITestCases.BuggyCarsUITests.testChangePasswordSuccessfully(BuggyCarsUITests.java:202)
	at java.base/java.util.ArrayList.forEach(ArrayList.java:1511)
... Removed 31 stack frames
</div> <!-- stack-trace -->
                </div> <!-- method-content -->
              </div> <!-- method -->
              <div class="method">
                <div class="method-content">
                  <a name="testCommentCharacterLimit">
                  </a> <!-- testCommentCharacterLimit -->
                  <span class="method-name">testCommentCharacterLimit</span>
                  <div class="stack-trace">org.openqa.selenium.NoSuchElementException: no such element: Unable to locate element: {&quot;method&quot;:&quot;link text&quot;,&quot;selector&quot;:&quot;Overall Rating&quot;}
  (Session info: chrome=131.0.6778.205)
For documentation on this error, please visit: https://www.selenium.dev/documentation/webdriver/troubleshooting/errors#no-such-element-exception
Build info: version: &apos;4.12.0&apos;, revision: &apos;249f2a7d1b*&apos;
System info: os.name: &apos;Windows 11&apos;, os.arch: &apos;amd64&apos;, os.version: &apos;10.0&apos;, java.version: &apos;17.0.9&apos;
Driver info: org.openqa.selenium.chrome.ChromeDriver
Command: [f504b46783588f8120aa16009735b931, findElement {using=link text, value=Overall Rating}]
Capabilities {acceptInsecureCerts: false, browserName: chrome, browserVersion: 131.0.6778.205, chrome: {chromedriverVersion: 131.0.6778.204 (52183f9e99a..., userDataDir: C:\Users\SASITH~1\AppData\L...}, fedcm:accounts: true, goog:chromeOptions: {debuggerAddress: localhost:58527}, networkConnectionEnabled: false, pageLoadStrategy: normal, platformName: windows, proxy: Proxy(), se:cdp: ws://localhost:58527/devtoo..., se:cdpVersion: 131.0.6778.205, setWindowRect: true, strictFileInteractability: false, timeouts: {implicit: 0, pageLoad: 300000, script: 30000}, unhandledPromptBehavior: dismiss and notify, webauthn:extension:credBlob: true, webauthn:extension:largeBlob: true, webauthn:extension:minPinLength: true, webauthn:extension:prf: true, webauthn:virtualAuthenticators: true}
Session ID: f504b46783588f8120aa16009735b931
	at org.openqa.selenium.remote.codec.w3c.W3CHttpResponseCodec.createException(W3CHttpResponseCodec.java:200)
	at org.openqa.selenium.remote.codec.w3c.W3CHttpResponseCodec.decode(W3CHttpResponseCodec.java:133)
	at org.openqa.selenium.remote.codec.w3c.W3CHttpResponseCodec.decode(W3CHttpResponseCodec.java:52)
	at org.openqa.selenium.remote.HttpCommandExecutor.execute(HttpCommandExecutor.java:191)
	at org.openqa.selenium.remote.service.DriverCommandExecutor.invokeExecute(DriverCommandExecutor.java:196)
	at org.openqa.selenium.remote.service.DriverCommandExecutor.execute(DriverCommandExecutor.java:171)
	at org.openqa.selenium.remote.RemoteWebDriver.execute(RemoteWebDriver.java:602)
	at org.openqa.selenium.remote.ElementLocation$ElementFinder$2.findElement(ElementLocation.java:165)
	at org.openqa.selenium.remote.ElementLocation.findElement(ElementLocation.java:59)
	at org.openqa.selenium.remote.RemoteWebDriver.findElement(RemoteWebDriver.java:359)
	at org.openqa.selenium.remote.RemoteWebDriver.findElement(RemoteWebDriver.java:353)
	at UITestCases.BuggyCarsUITests.testCommentCharacterLimit(BuggyCarsUITests.java:156)
	at java.base/java.util.ArrayList.forEach(ArrayList.java:1511)
... Removed 35 stack frames
</div> <!-- stack-trace -->
                </div> <!-- method-content -->
              </div> <!-- method -->
              <div class="method">
                <div class="method-content">
                  <a name="testLogoutFunctionality">
                  </a> <!-- testLogoutFunctionality -->
                  <span class="method-name">testLogoutFunctionality</span>
                  <div class="stack-trace">java.lang.AssertionError: expected [true] but found [false]
	at UITestCases.BuggyCarsUITests.testLogoutFunctionality(BuggyCarsUITests.java:171)
	at java.base/java.util.ArrayList.forEach(ArrayList.java:1511)
... Removed 35 stack frames
</div> <!-- stack-trace -->
                </div> <!-- method-content -->
              </div> <!-- method -->
              <div class="method">
                <div class="method-content">
                  <a name="testMissingFieldsInRegistration">
                  </a> <!-- testMissingFieldsInRegistration -->
                  <span class="method-name">testMissingFieldsInRegistration</span>
                  <div class="stack-trace">java.lang.AssertionError: expected [true] but found [false]
	at UITestCases.BuggyCarsUITests.testMissingFieldsInRegistration(BuggyCarsUITests.java:81)
	at java.base/java.util.ArrayList.forEach(ArrayList.java:1511)
... Removed 35 stack frames
</div> <!-- stack-trace -->
                </div> <!-- method-content -->
              </div> <!-- method -->
              <div class="method">
                <div class="method-content">
                  <a name="testProfilePageAccessibility">
                  </a> <!-- testProfilePageAccessibility -->
                  <span class="method-name">testProfilePageAccessibility</span>
                  <div class="stack-trace">java.lang.AssertionError: expected [true] but found [false]
	at UITestCases.BuggyCarsUITests.testProfilePageAccessibility(BuggyCarsUITests.java:141)
	at java.base/java.util.ArrayList.forEach(ArrayList.java:1511)
... Removed 35 stack frames
</div> <!-- stack-trace -->
                </div> <!-- method-content -->
              </div> <!-- method -->
              <div class="method">
                <div class="method-content">
                  <a name="testWeakPasswordRegistration">
                  </a> <!-- testWeakPasswordRegistration -->
                  <span class="method-name">testWeakPasswordRegistration</span>
                  <div class="stack-trace">java.lang.AssertionError: expected [true] but found [false]
	at UITestCases.BuggyCarsUITests.testWeakPasswordRegistration(BuggyCarsUITests.java:134)
	at java.base/java.util.ArrayList.forEach(ArrayList.java:1511)
... Removed 35 stack frames
</div> <!-- stack-trace -->
                </div> <!-- method-content -->
              </div> <!-- method -->
            </div> <!-- main-panel-content rounded-window-bottom -->
          </div> <!-- suite-LibraryAPITests-class-failed -->
          <div class="suite-LibraryAPITests-class-failed">
            <div class="main-panel-header rounded-window-top">
              <img src="failed.png"/>
              <span class="class-name">TestCases.GetBookAPITests</span>
            </div> <!-- main-panel-header rounded-window-top -->
            <div class="main-panel-content rounded-window-bottom">
              <div class="method">
                <div class="method-content">
                  <a name="testGetBookByIdAsRegularUser">
                  </a> <!-- testGetBookByIdAsRegularUser -->
                  <span class="method-name">testGetBookByIdAsRegularUser</span>
                  <div class="stack-trace">java.lang.AssertionError: Expected status code is 200 expected [200] but found [403]
	at TestCases.GetBookAPITests.testGetBookByIdAsRegularUser(GetBookAPITests.java:114)
	at java.base/java.util.ArrayList.forEach(ArrayList.java:1511)
... Removed 36 stack frames
</div> <!-- stack-trace -->
                </div> <!-- method-content -->
              </div> <!-- method -->
              <div class="method">
                <div class="method-content">
                  <a name="testGetBookByIdAsUser">
                  </a> <!-- testGetBookByIdAsUser -->
                  <span class="method-name">testGetBookByIdAsUser</span>
                  <div class="stack-trace">java.lang.AssertionError: Expected status code is 200 expected [200] but found [403]
	at TestCases.GetBookAPITests.testGetBookByIdAsUser(GetBookAPITests.java:58)
	at java.base/java.util.ArrayList.forEach(ArrayList.java:1511)
... Removed 36 stack frames
</div> <!-- stack-trace -->
                </div> <!-- method-content -->
              </div> <!-- method -->
            </div> <!-- main-panel-content rounded-window-bottom -->
          </div> <!-- suite-LibraryAPITests-class-failed -->
          <div class="suite-LibraryAPITests-class-failed">
            <div class="main-panel-header rounded-window-top">
              <img src="failed.png"/>
              <span class="class-name">TestCases.PostBookAPITests</span>
            </div> <!-- main-panel-header rounded-window-top -->
            <div class="main-panel-content rounded-window-bottom">
              <div class="method">
                <div class="method-content">
                  <a name="testCreateBookWithDuplicateIdAsAdmin">
                  </a> <!-- testCreateBookWithDuplicateIdAsAdmin -->
                  <span class="method-name">testCreateBookWithDuplicateIdAsAdmin</span>
                  <div class="stack-trace">java.lang.AssertionError: Expected status code is 409 expected [409] but found [208]
	at TestCases.PostBookAPITests.testCreateBookWithDuplicateIdAsAdmin(PostBookAPITests.java:153)
	at java.base/java.util.ArrayList.forEach(ArrayList.java:1511)
... Removed 36 stack frames
</div> <!-- stack-trace -->
                </div> <!-- method-content -->
              </div> <!-- method -->
              <div class="method">
                <div class="method-content">
                  <a name="testCreateBookWithMissingAuthor">
                  </a> <!-- testCreateBookWithMissingAuthor -->
                  <span class="method-name">testCreateBookWithMissingAuthor</span>
                  <div class="stack-trace">java.lang.AssertionError: Expected status code is 400 expected [400] but found [208]
	at TestCases.PostBookAPITests.testCreateBookWithMissingAuthor(PostBookAPITests.java:173)
	at java.base/java.util.ArrayList.forEach(ArrayList.java:1511)
... Removed 36 stack frames
</div> <!-- stack-trace -->
                </div> <!-- method-content -->
              </div> <!-- method -->
              <div class="method">
                <div class="method-content">
                  <a name="testCreateBookWithMissingTitleAsAdmin">
                  </a> <!-- testCreateBookWithMissingTitleAsAdmin -->
                  <span class="method-name">testCreateBookWithMissingTitleAsAdmin</span>
                  <div class="stack-trace">java.lang.AssertionError: Expected status code is 400 expected [400] but found [208]
	at TestCases.PostBookAPITests.testCreateBookWithMissingTitleAsAdmin(PostBookAPITests.java:84)
	at java.base/java.util.ArrayList.forEach(ArrayList.java:1511)
... Removed 36 stack frames
</div> <!-- stack-trace -->
                </div> <!-- method-content -->
              </div> <!-- method -->
              <div class="method">
                <div class="method-content">
                  <a name="testCreateBookWithNumericAuthorAsAdmin">
                  </a> <!-- testCreateBookWithNumericAuthorAsAdmin -->
                  <span class="method-name">testCreateBookWithNumericAuthorAsAdmin</span>
                  <div class="stack-trace">java.lang.AssertionError: Expected status code is 400 expected [400] but found [208]
	at TestCases.PostBookAPITests.testCreateBookWithNumericAuthorAsAdmin(PostBookAPITests.java:128)
	at java.base/java.util.ArrayList.forEach(ArrayList.java:1511)
... Removed 36 stack frames
</div> <!-- stack-trace -->
                </div> <!-- method-content -->
              </div> <!-- method -->
              <div class="method">
                <div class="method-content">
                  <a name="testCreateBookWithNumericTitleAsAdmin">
                  </a> <!-- testCreateBookWithNumericTitleAsAdmin -->
                  <span class="method-name">testCreateBookWithNumericTitleAsAdmin</span>
                  <div class="stack-trace">java.lang.AssertionError: Expected status code is 400 expected [400] but found [208]
	at TestCases.PostBookAPITests.testCreateBookWithNumericTitleAsAdmin(PostBookAPITests.java:108)
	at java.base/java.util.ArrayList.forEach(ArrayList.java:1511)
... Removed 36 stack frames
</div> <!-- stack-trace -->
                </div> <!-- method-content -->
              </div> <!-- method -->
              <div class="method">
                <div class="method-content">
                  <a name="testCreateBookWithValidData">
                  </a> <!-- testCreateBookWithValidData -->
                  <span class="method-name">testCreateBookWithValidData</span>
                  <div class="stack-trace">java.lang.AssertionError: Expected status code is 201 expected [201] but found [208]
	at TestCases.PostBookAPITests.testCreateBookWithValidData(PostBookAPITests.java:40)
	at java.base/java.util.ArrayList.forEach(ArrayList.java:1511)
... Removed 36 stack frames
</div> <!-- stack-trace -->
                </div> <!-- method-content -->
              </div> <!-- method -->
              <div class="method">
                <div class="method-content">
                  <a name="testCreateBookWithValidDataAsAdmin">
                  </a> <!-- testCreateBookWithValidDataAsAdmin -->
                  <span class="method-name">testCreateBookWithValidDataAsAdmin</span>
                  <div class="stack-trace">java.lang.AssertionError: Expected status code is 201 expected [201] but found [208]
	at TestCases.PostBookAPITests.testCreateBookWithValidDataAsAdmin(PostBookAPITests.java:63)
	at java.base/java.util.ArrayList.forEach(ArrayList.java:1511)
... Removed 36 stack frames
</div> <!-- stack-trace -->
                </div> <!-- method-content -->
              </div> <!-- method -->
            </div> <!-- main-panel-content rounded-window-bottom -->
          </div> <!-- suite-LibraryAPITests-class-failed -->
          <div class="suite-LibraryAPITests-class-failed">
            <div class="main-panel-header rounded-window-top">
              <img src="failed.png"/>
              <span class="class-name">TestCases.PutBookAPITests</span>
            </div> <!-- main-panel-header rounded-window-top -->
            <div class="main-panel-content rounded-window-bottom">
              <div class="method">
                <div class="method-content">
                  <a name="testUpdateBookWithAnotherBooksTitleAsAdmin">
                  </a> <!-- testUpdateBookWithAnotherBooksTitleAsAdmin -->
                  <span class="method-name">testUpdateBookWithAnotherBooksTitleAsAdmin</span>
                  <div class="stack-trace">java.lang.AssertionError: Expected status code is 400 for using another book&apos;s title expected [400] but found [404]
	at TestCases.PutBookAPITests.testUpdateBookWithAnotherBooksTitleAsAdmin(PutBookAPITests.java:220)
	at java.base/java.util.ArrayList.forEach(ArrayList.java:1511)
... Removed 36 stack frames
</div> <!-- stack-trace -->
                </div> <!-- method-content -->
              </div> <!-- method -->
              <div class="method">
                <div class="method-content">
                  <a name="testUpdateBookWithEmptyAuthor">
                  </a> <!-- testUpdateBookWithEmptyAuthor -->
                  <span class="method-name">testUpdateBookWithEmptyAuthor</span>
                  <div class="stack-trace">java.lang.AssertionError: Expected status code is 400 for empty author expected [400] but found [200]
	at TestCases.PutBookAPITests.testUpdateBookWithEmptyAuthor(PutBookAPITests.java:117)
	at java.base/java.util.ArrayList.forEach(ArrayList.java:1511)
... Removed 36 stack frames
</div> <!-- stack-trace -->
                </div> <!-- method-content -->
              </div> <!-- method -->
              <div class="method">
                <div class="method-content">
                  <a name="testUpdateBookWithMissingOrInvalidTitleAsAdmin">
                  </a> <!-- testUpdateBookWithMissingOrInvalidTitleAsAdmin -->
                  <span class="method-name">testUpdateBookWithMissingOrInvalidTitleAsAdmin</span>
                  <div class="stack-trace">java.lang.AssertionError: Expected status code is 400 for missing/empty title expected [400] but found [200]
	at TestCases.PutBookAPITests.testUpdateBookWithMissingOrInvalidTitleAsAdmin(PutBookAPITests.java:185)
	at java.base/java.util.ArrayList.forEach(ArrayList.java:1511)
... Removed 36 stack frames
</div> <!-- stack-trace -->
                </div> <!-- method-content -->
              </div> <!-- method -->
              <div class="method">
                <div class="method-content">
                  <a name="testUpdateBookWithMissingTitleAndAuthor">
                  </a> <!-- testUpdateBookWithMissingTitleAndAuthor -->
                  <span class="method-name">testUpdateBookWithMissingTitleAndAuthor</span>
                  <div class="stack-trace">java.lang.AssertionError: Expected status code is 400 for missing fields expected [400] but found [208]
	at TestCases.PutBookAPITests.testUpdateBookWithMissingTitleAndAuthor(PutBookAPITests.java:162)
	at java.base/java.util.ArrayList.forEach(ArrayList.java:1511)
... Removed 36 stack frames
</div> <!-- stack-trace -->
                </div> <!-- method-content -->
              </div> <!-- method -->
              <div class="method">
                <div class="method-content">
                  <a name="testUpdateBookWithNoneParametersAsAdmin">
                  </a> <!-- testUpdateBookWithNoneParametersAsAdmin -->
                  <span class="method-name">testUpdateBookWithNoneParametersAsAdmin</span>
                  <div class="stack-trace">java.lang.AssertionError: Response should indicate invalid input parameters expected [true] but found [false]
	at TestCases.PutBookAPITests.testUpdateBookWithNoneParametersAsAdmin(PutBookAPITests.java:243)
	at java.base/java.util.ArrayList.forEach(ArrayList.java:1511)
... Removed 34 stack frames
</div> <!-- stack-trace -->
                </div> <!-- method-content -->
              </div> <!-- method -->
              <div class="method">
                <div class="method-content">
                  <a name="testUpdateBookWithValidDataAsAdmin">
                  </a> <!-- testUpdateBookWithValidDataAsAdmin -->
                  <span class="method-name">testUpdateBookWithValidDataAsAdmin</span>
                  <div class="stack-trace">java.lang.AssertionError: Expected status code is 200 Book details updated successfully expected [200] but found [208]
	at TestCases.PutBookAPITests.testUpdateBookWithValidDataAsAdmin(PutBookAPITests.java:46)
	at java.base/java.util.ArrayList.forEach(ArrayList.java:1511)
... Removed 36 stack frames
</div> <!-- stack-trace -->
                </div> <!-- method-content -->
              </div> <!-- method -->
            </div> <!-- main-panel-content rounded-window-bottom -->
          </div> <!-- suite-LibraryAPITests-class-failed -->
          <div class="suite-LibraryAPITests-class-failed">
            <div class="main-panel-header rounded-window-top">
              <img src="failed.png"/>
              <span class="class-name">TestCases.DeleteBookAPITests</span>
            </div> <!-- main-panel-header rounded-window-top -->
            <div class="main-panel-content rounded-window-bottom">
              <div class="method">
                <div class="method-content">
                  <a name="testDeleteBookAsUser">
                  </a> <!-- testDeleteBookAsUser -->
                  <span class="method-name">testDeleteBookAsUser</span>
                  <div class="stack-trace">java.lang.AssertionError: Expected status code is 403 for forbidden access expected [403] but found [404]
	at TestCases.DeleteBookAPITests.testDeleteBookAsUser(DeleteBookAPITests.java:77)
	at java.base/java.util.ArrayList.forEach(ArrayList.java:1511)
... Removed 36 stack frames
</div> <!-- stack-trace -->
                </div> <!-- method-content -->
              </div> <!-- method -->
              <div class="method">
                <div class="method-content">
                  <a name="testDeleteBookWithInvalidIdAsAdmin">
                  </a> <!-- testDeleteBookWithInvalidIdAsAdmin -->
                  <span class="method-name">testDeleteBookWithInvalidIdAsAdmin</span>
                  <div class="stack-trace">java.lang.AssertionError: Expected status code is 404 for non-existent book deletion expected [404] but found [403]
	at TestCases.DeleteBookAPITests.testDeleteBookWithInvalidIdAsAdmin(DeleteBookAPITests.java:57)
	at java.base/java.util.ArrayList.forEach(ArrayList.java:1511)
... Removed 36 stack frames
</div> <!-- stack-trace -->
                </div> <!-- method-content -->
              </div> <!-- method -->
              <div class="method">
                <div class="method-content">
                  <a name="testDeleteBookWithValidIdAsAdmin">
                  </a> <!-- testDeleteBookWithValidIdAsAdmin -->
                  <span class="method-name">testDeleteBookWithValidIdAsAdmin</span>
                  <div class="stack-trace">java.lang.AssertionError: Expected status code is 200 for valid book deletion expected [200] but found [403]
	at TestCases.DeleteBookAPITests.testDeleteBookWithValidIdAsAdmin(DeleteBookAPITests.java:37)
	at java.base/java.util.ArrayList.forEach(ArrayList.java:1511)
... Removed 36 stack frames
</div> <!-- stack-trace -->
                </div> <!-- method-content -->
              </div> <!-- method -->
            </div> <!-- main-panel-content rounded-window-bottom -->
          </div> <!-- suite-LibraryAPITests-class-failed -->
          <div class="suite-LibraryAPITests-class-passed">
            <div class="main-panel-header rounded-window-top">
              <img src="passed.png"/>
              <span class="class-name">UITestCases.BuggyCarsUITests</span>
            </div> <!-- main-panel-header rounded-window-top -->
            <div class="main-panel-content rounded-window-bottom">
              <div class="method">
                <div class="method-content">
                  <a name="testAccessibilityOfLinks">
                  </a> <!-- testAccessibilityOfLinks -->
                  <span class="method-name">testAccessibilityOfLinks</span>
                </div> <!-- method-content -->
              </div> <!-- method -->
              <div class="method">
                <div class="method-content">
                  <a name="testBrokenLinksOnHomepage">
                  </a> <!-- testBrokenLinksOnHomepage -->
                  <span class="method-name">testBrokenLinksOnHomepage</span>
                </div> <!-- method-content -->
              </div> <!-- method -->
              <div class="method">
                <div class="method-content">
                  <a name="testChangePasswordWithInvalidCurrentPassword">
                  </a> <!-- testChangePasswordWithInvalidCurrentPassword -->
                  <span class="method-name">testChangePasswordWithInvalidCurrentPassword</span>
                </div> <!-- method-content -->
              </div> <!-- method -->
              <div class="method">
                <div class="method-content">
                  <a name="testLoginWithValidCredentials">
                  </a> <!-- testLoginWithValidCredentials -->
                  <span class="method-name">testLoginWithValidCredentials</span>
                </div> <!-- method-content -->
              </div> <!-- method -->
              <div class="method">
                <div class="method-content">
                  <a name="testPageTitle">
                  </a> <!-- testPageTitle -->
                  <span class="method-name">testPageTitle</span>
                </div> <!-- method-content -->
              </div> <!-- method -->
              <div class="method">
                <div class="method-content">
                  <a name="testResponsiveUI">
                  </a> <!-- testResponsiveUI -->
                  <span class="method-name">testResponsiveUI</span>
                </div> <!-- method-content -->
              </div> <!-- method -->
              <div class="method">
                <div class="method-content">
                  <a name="testSuccessfulRegistration">
                  </a> <!-- testSuccessfulRegistration -->
                  <span class="method-name">testSuccessfulRegistration</span>
                </div> <!-- method-content -->
              </div> <!-- method -->
              <div class="method">
                <div class="method-content">
                  <a name="testunSuccessfulRegistrationWhileExistingUsername">
                  </a> <!-- testunSuccessfulRegistrationWhileExistingUsername -->
                  <span class="method-name">testunSuccessfulRegistrationWhileExistingUsername</span>
                </div> <!-- method-content -->
              </div> <!-- method -->
            </div> <!-- main-panel-content rounded-window-bottom -->
          </div> <!-- suite-LibraryAPITests-class-passed -->
          <div class="suite-LibraryAPITests-class-passed">
            <div class="main-panel-header rounded-window-top">
              <img src="passed.png"/>
              <span class="class-name">TestCases.PostBookAPITests</span>
            </div> <!-- main-panel-header rounded-window-top -->
            <div class="main-panel-content rounded-window-bottom">
              <div class="method">
                <div class="method-content">
                  <a name="testCreateBookWithDuplicateTitle">
                  </a> <!-- testCreateBookWithDuplicateTitle -->
                  <span class="method-name">testCreateBookWithDuplicateTitle</span>
                </div> <!-- method-content -->
              </div> <!-- method -->
            </div> <!-- main-panel-content rounded-window-bottom -->
          </div> <!-- suite-LibraryAPITests-class-passed -->
          <div class="suite-LibraryAPITests-class-passed">
            <div class="main-panel-header rounded-window-top">
              <img src="passed.png"/>
              <span class="class-name">TestCases.GetBookAPITests</span>
            </div> <!-- main-panel-header rounded-window-top -->
            <div class="main-panel-content rounded-window-bottom">
              <div class="method">
                <div class="method-content">
                  <a name="testGetAllBooksAsAdmin">
                  </a> <!-- testGetAllBooksAsAdmin -->
                  <span class="method-name">testGetAllBooksAsAdmin</span>
                </div> <!-- method-content -->
              </div> <!-- method -->
              <div class="method">
                <div class="method-content">
                  <a name="testGetAllBooksAsUser">
                  </a> <!-- testGetAllBooksAsUser -->
                  <span class="method-name">testGetAllBooksAsUser</span>
                </div> <!-- method-content -->
              </div> <!-- method -->
              <div class="method">
                <div class="method-content">
                  <a name="testGetBookByIdAsAdmin">
                  </a> <!-- testGetBookByIdAsAdmin -->
                  <span class="method-name">testGetBookByIdAsAdmin</span>
                </div> <!-- method-content -->
              </div> <!-- method -->
              <div class="method">
                <div class="method-content">
                  <a name="testGetBookByInvalidIdAsAdmin">
                  </a> <!-- testGetBookByInvalidIdAsAdmin -->
                  <span class="method-name">testGetBookByInvalidIdAsAdmin</span>
                </div> <!-- method-content -->
              </div> <!-- method -->
            </div> <!-- main-panel-content rounded-window-bottom -->
          </div> <!-- suite-LibraryAPITests-class-passed -->
          <div class="suite-LibraryAPITests-class-passed">
            <div class="main-panel-header rounded-window-top">
              <img src="passed.png"/>
              <span class="class-name">TestCases.PutBookAPITests</span>
            </div> <!-- main-panel-header rounded-window-top -->
            <div class="main-panel-content rounded-window-bottom">
              <div class="method">
                <div class="method-content">
                  <a name="testUpdateBookWithAnotherBooksId">
                  </a> <!-- testUpdateBookWithAnotherBooksId -->
                  <span class="method-name">testUpdateBookWithAnotherBooksId</span>
                </div> <!-- method-content -->
              </div> <!-- method -->
              <div class="method">
                <div class="method-content">
                  <a name="testUpdateBookWithInvalidIdAsAdmin">
                  </a> <!-- testUpdateBookWithInvalidIdAsAdmin -->
                  <span class="method-name">testUpdateBookWithInvalidIdAsAdmin</span>
                </div> <!-- method-content -->
              </div> <!-- method -->
              <div class="method">
                <div class="method-content">
                  <a name="testUpdateBookWithValidDataAsUser">
                  </a> <!-- testUpdateBookWithValidDataAsUser -->
                  <span class="method-name">testUpdateBookWithValidDataAsUser</span>
                </div> <!-- method-content -->
              </div> <!-- method -->
            </div> <!-- main-panel-content rounded-window-bottom -->
          </div> <!-- suite-LibraryAPITests-class-passed -->
        </div> <!-- panel LibraryAPITests -->
        <div panel-name="test-xml-LibraryAPITests" class="panel">
          <div class="main-panel-header rounded-window-top">
            <span class="header-content">H:\Group_01_GitRepository\src\test\resources\testng.xml</span>
          </div> <!-- main-panel-header rounded-window-top -->
          <div class="main-panel-content rounded-window-bottom">
            <pre>
&lt;?xml version=&quot;1.0&quot; encoding=&quot;UTF-8&quot;?&gt;
&lt;!DOCTYPE suite SYSTEM &quot;https://testng.org/testng-1.0.dtd&quot;&gt;
&lt;suite name=&quot;LibraryAPITests&quot; verbose=&quot;0&quot;&gt;
  &lt;listeners&gt;
    &lt;listener class-name=&quot;io.qameta.allure.testng.AllureTestNg&quot;/&gt;
  &lt;/listeners&gt;
  &lt;test thread-count=&quot;5&quot; name=&quot;APITestSuite&quot; verbose=&quot;0&quot;&gt;
    &lt;classes&gt;
      &lt;class name=&quot;TestCases.GetBookAPITests&quot;/&gt;
      &lt;class name=&quot;TestCases.PostBookAPITests&quot;/&gt;
      &lt;class name=&quot;TestCases.PutBookAPITests&quot;/&gt;
      &lt;class name=&quot;TestCases.DeleteBookAPITests&quot;/&gt;
    &lt;/classes&gt;
  &lt;/test&gt; &lt;!-- APITestSuite --&gt;
  &lt;test thread-count=&quot;5&quot; name=&quot;UI Tests&quot; verbose=&quot;0&quot;&gt;
    &lt;classes&gt;
      &lt;class name=&quot;UITestCases.BuggyCarsUITests&quot;/&gt;
    &lt;/classes&gt;
  &lt;/test&gt; &lt;!-- UI Tests --&gt;
&lt;/suite&gt; &lt;!-- LibraryAPITests --&gt;
            </pre>
          </div> <!-- main-panel-content rounded-window-bottom -->
        </div> <!-- panel -->
        <div panel-name="testlist-LibraryAPITests" class="panel">
          <div class="main-panel-header rounded-window-top">
            <span class="header-content">Tests for LibraryAPITests</span>
          </div> <!-- main-panel-header rounded-window-top -->
          <div class="main-panel-content rounded-window-bottom">
            <ul>
              <li>
                <span class="test-name">APITestSuite (4 classes)</span>
              </li>
              <li>
                <span class="test-name">UI Tests (1 class)</span>
              </li>
            </ul>
          </div> <!-- main-panel-content rounded-window-bottom -->
        </div> <!-- panel -->
        <div panel-name="group-LibraryAPITests" class="panel">
          <div class="main-panel-header rounded-window-top">
            <span class="header-content">Groups for LibraryAPITests</span>
          </div> <!-- main-panel-header rounded-window-top -->
          <div class="main-panel-content rounded-window-bottom">
          </div> <!-- main-panel-content rounded-window-bottom -->
        </div> <!-- panel -->
        <div panel-name="times-LibraryAPITests" class="panel">
          <div class="main-panel-header rounded-window-top">
            <span class="header-content">Times for LibraryAPITests</span>
          </div> <!-- main-panel-header rounded-window-top -->
          <div class="main-panel-content rounded-window-bottom">
            <div class="times-div">
              <script type="text/javascript">
suiteTableInitFunctions.push('tableData_LibraryAPITests');
function tableData_LibraryAPITests() {
var data = new google.visualization.DataTable();
data.addColumn('number', 'Number');
data.addColumn('string', 'Method');
data.addColumn('string', 'Class');
data.addColumn('number', 'Time (ms)');
data.addRows(40);
data.setCell(0, 0, 0)
data.setCell(0, 1, 'testChangePasswordSuccessfully')
data.setCell(0, 2, 'UITestCases.BuggyCarsUITests')
data.setCell(0, 3, 24161);
data.setCell(1, 0, 1)
data.setCell(1, 1, 'testChangePasswordWithInvalidCurrentPassword')
data.setCell(1, 2, 'UITestCases.BuggyCarsUITests')
data.setCell(1, 3, 4488);
data.setCell(2, 0, 2)
data.setCell(2, 1, 'testProfilePageAccessibility')
data.setCell(2, 2, 'UITestCases.BuggyCarsUITests')
data.setCell(2, 3, 2534);
data.setCell(3, 0, 3)
data.setCell(3, 1, 'testLogoutFunctionality')
data.setCell(3, 2, 'UITestCases.BuggyCarsUITests')
data.setCell(3, 3, 2443);
data.setCell(4, 0, 4)
data.setCell(4, 1, 'testLoginWithValidCredentials')
data.setCell(4, 2, 'UITestCases.BuggyCarsUITests')
data.setCell(4, 3, 2283);
data.setCell(5, 0, 5)
data.setCell(5, 1, 'testSuccessfulRegistration')
data.setCell(5, 2, 'UITestCases.BuggyCarsUITests')
data.setCell(5, 3, 2221);
data.setCell(6, 0, 6)
data.setCell(6, 1, 'testCommentCharacterLimit')
data.setCell(6, 2, 'UITestCases.BuggyCarsUITests')
data.setCell(6, 3, 2200);
data.setCell(7, 0, 7)
data.setCell(7, 1, 'testunSuccessfulRegistrationWhileExistingUsername')
data.setCell(7, 2, 'UITestCases.BuggyCarsUITests')
data.setCell(7, 3, 2196);
data.setCell(8, 0, 8)
data.setCell(8, 1, 'testGetAllBooksAsAdmin')
data.setCell(8, 2, 'TestCases.GetBookAPITests')
data.setCell(8, 3, 1758);
data.setCell(9, 0, 9)
data.setCell(9, 1, 'testCreateBookWithDuplicateTitle')
data.setCell(9, 2, 'TestCases.PostBookAPITests')
data.setCell(9, 3, 1625);
data.setCell(10, 0, 10)
data.setCell(10, 1, 'testCreateBookWithDuplicateIdAsAdmin')
data.setCell(10, 2, 'TestCases.PostBookAPITests')
data.setCell(10, 3, 1311);
data.setCell(11, 0, 11)
data.setCell(11, 1, 'testGetBookByIdAsAdmin')
data.setCell(11, 2, 'TestCases.GetBookAPITests')
data.setCell(11, 3, 1029);
data.setCell(12, 0, 12)
data.setCell(12, 1, 'testResponsiveUI')
data.setCell(12, 2, 'UITestCases.BuggyCarsUITests')
data.setCell(12, 3, 787);
data.setCell(13, 0, 13)
data.setCell(13, 1, 'testUpdateBookWithAnotherBooksId')
data.setCell(13, 2, 'TestCases.PutBookAPITests')
data.setCell(13, 3, 719);
data.setCell(14, 0, 14)
data.setCell(14, 1, 'testCreateBookWithNumericTitleAsAdmin')
data.setCell(14, 2, 'TestCases.PostBookAPITests')
data.setCell(14, 3, 718);
data.setCell(15, 0, 15)
data.setCell(15, 1, 'testCreateBookWithValidData')
data.setCell(15, 2, 'TestCases.PostBookAPITests')
data.setCell(15, 3, 695);
data.setCell(16, 0, 16)
data.setCell(16, 1, 'testGetBookByInvalidIdAsAdmin')
data.setCell(16, 2, 'TestCases.GetBookAPITests')
data.setCell(16, 3, 686);
data.setCell(17, 0, 17)
data.setCell(17, 1, 'testUpdateBookWithMissingTitleAndAuthor')
data.setCell(17, 2, 'TestCases.PutBookAPITests')
data.setCell(17, 3, 683);
data.setCell(18, 0, 18)
data.setCell(18, 1, 'testCreateBookWithNumericAuthorAsAdmin')
data.setCell(18, 2, 'TestCases.PostBookAPITests')
data.setCell(18, 3, 682);
data.setCell(19, 0, 19)
data.setCell(19, 1, 'testUpdateBookWithInvalidIdAsAdmin')
data.setCell(19, 2, 'TestCases.PutBookAPITests')
data.setCell(19, 3, 678);
data.setCell(20, 0, 20)
data.setCell(20, 1, 'testCreateBookWithMissingTitleAsAdmin')
data.setCell(20, 2, 'TestCases.PostBookAPITests')
data.setCell(20, 3, 668);
data.setCell(21, 0, 21)
data.setCell(21, 1, 'testWeakPasswordRegistration')
data.setCell(21, 2, 'UITestCases.BuggyCarsUITests')
data.setCell(21, 3, 668);
data.setCell(22, 0, 22)
data.setCell(22, 1, 'testUpdateBookWithAnotherBooksTitleAsAdmin')
data.setCell(22, 2, 'TestCases.PutBookAPITests')
data.setCell(22, 3, 660);
data.setCell(23, 0, 23)
data.setCell(23, 1, 'testUpdateBookWithEmptyAuthor')
data.setCell(23, 2, 'TestCases.PutBookAPITests')
data.setCell(23, 3, 659);
data.setCell(24, 0, 24)
data.setCell(24, 1, 'testCreateBookWithMissingAuthor')
data.setCell(24, 2, 'TestCases.PostBookAPITests')
data.setCell(24, 3, 653);
data.setCell(25, 0, 25)
data.setCell(25, 1, 'testUpdateBookWithNoneParametersAsAdmin')
data.setCell(25, 2, 'TestCases.PutBookAPITests')
data.setCell(25, 3, 647);
data.setCell(26, 0, 26)
data.setCell(26, 1, 'testGetBookByIdAsRegularUser')
data.setCell(26, 2, 'TestCases.GetBookAPITests')
data.setCell(26, 3, 642);
data.setCell(27, 0, 27)
data.setCell(27, 1, 'testGetBookByIdAsUser')
data.setCell(27, 2, 'TestCases.GetBookAPITests')
data.setCell(27, 3, 642);
data.setCell(28, 0, 28)
data.setCell(28, 1, 'testGetAllBooksAsUser')
data.setCell(28, 2, 'TestCases.GetBookAPITests')
data.setCell(28, 3, 636);
data.setCell(29, 0, 29)
data.setCell(29, 1, 'testUpdateBookWithValidDataAsUser')
data.setCell(29, 2, 'TestCases.PutBookAPITests')
data.setCell(29, 3, 631);
data.setCell(30, 0, 30)
data.setCell(30, 1, 'testDeleteBookAsUser')
data.setCell(30, 2, 'TestCases.DeleteBookAPITests')
data.setCell(30, 3, 619);
data.setCell(31, 0, 31)
data.setCell(31, 1, 'testUpdateBookWithMissingOrInvalidTitleAsAdmin')
data.setCell(31, 2, 'TestCases.PutBookAPITests')
data.setCell(31, 3, 619);
data.setCell(32, 0, 32)
data.setCell(32, 1, 'testCreateBookWithValidDataAsAdmin')
data.setCell(32, 2, 'TestCases.PostBookAPITests')
data.setCell(32, 3, 617);
data.setCell(33, 0, 33)
data.setCell(33, 1, 'testUpdateBookWithValidDataAsAdmin')
data.setCell(33, 2, 'TestCases.PutBookAPITests')
data.setCell(33, 3, 612);
data.setCell(34, 0, 34)
data.setCell(34, 1, 'testDeleteBookWithInvalidIdAsAdmin')
data.setCell(34, 2, 'TestCases.DeleteBookAPITests')
data.setCell(34, 3, 604);
data.setCell(35, 0, 35)
data.setCell(35, 1, 'testDeleteBookWithValidIdAsAdmin')
data.setCell(35, 2, 'TestCases.DeleteBookAPITests')
data.setCell(35, 3, 597);
data.setCell(36, 0, 36)
data.setCell(36, 1, 'testMissingFieldsInRegistration')
data.setCell(36, 2, 'UITestCases.BuggyCarsUITests')
data.setCell(36, 3, 292);
data.setCell(37, 0, 37)
data.setCell(37, 1, 'testAccessibilityOfLinks')
data.setCell(37, 2, 'UITestCases.BuggyCarsUITests')
data.setCell(37, 3, 148);
data.setCell(38, 0, 38)
data.setCell(38, 1, 'testBrokenLinksOnHomepage')
data.setCell(38, 2, 'UITestCases.BuggyCarsUITests')
data.setCell(38, 3, 145);
data.setCell(39, 0, 39)
data.setCell(39, 1, 'testPageTitle')
data.setCell(39, 2, 'UITestCases.BuggyCarsUITests')
data.setCell(39, 3, 16);
window.suiteTableData['LibraryAPITests']= { tableData: data, tableDiv: 'times-div-LibraryAPITests'}
return data;
}
              </script>
              <span class="suite-total-time">Total running time: 1 minutes</span>
              <div id="times-div-LibraryAPITests">
              </div> <!-- times-div-LibraryAPITests -->
            </div> <!-- times-div -->
          </div> <!-- main-panel-content rounded-window-bottom -->
        </div> <!-- panel -->
        <div panel-name="reporter-LibraryAPITests" class="panel">
          <div class="main-panel-header rounded-window-top">
            <span class="header-content">Reporter output for LibraryAPITests</span>
          </div> <!-- main-panel-header rounded-window-top -->
          <div class="main-panel-content rounded-window-bottom">
          </div> <!-- main-panel-content rounded-window-bottom -->
        </div> <!-- panel -->
        <div panel-name="ignored-methods-LibraryAPITests" class="panel">
          <div class="main-panel-header rounded-window-top">
            <span class="header-content">0 ignored methods</span>
          </div> <!-- main-panel-header rounded-window-top -->
          <div class="main-panel-content rounded-window-bottom">
          </div> <!-- main-panel-content rounded-window-bottom -->
        </div> <!-- panel -->
        <div panel-name="chronological-LibraryAPITests" class="panel">
          <div class="main-panel-header rounded-window-top">
            <span class="header-content">Methods in chronological order</span>
          </div> <!-- main-panel-header rounded-window-top -->
          <div class="main-panel-content rounded-window-bottom">
            <div class="chronological-class">
              <div class="chronological-class-name">TestCases.GetBookAPITests</div> <!-- chronological-class-name -->
              <div class="configuration-class before">
                <span class="method-name">setup</span>
                <span class="method-start">0 ms</span>
              </div> <!-- configuration-class before -->
              <div class="test-method">
                <span class="method-name">testGetAllBooksAsAdmin</span>
                <span class="method-start">353 ms</span>
              </div> <!-- test-method -->
              <div class="test-method">
                <span class="method-name">testGetAllBooksAsUser</span>
                <span class="method-start">2177 ms</span>
              </div> <!-- test-method -->
              <div class="test-method">
                <span class="method-name">testGetBookByIdAsAdmin</span>
                <span class="method-start">2821 ms</span>
              </div> <!-- test-method -->
              <div class="test-method">
                <img src="failed.png">
                </img>
                <span class="method-name">testGetBookByIdAsRegularUser</span>
                <span class="method-start">3852 ms</span>
              </div> <!-- test-method -->
              <div class="test-method">
                <img src="failed.png">
                </img>
                <span class="method-name">testGetBookByIdAsUser</span>
                <span class="method-start">4504 ms</span>
              </div> <!-- test-method -->
              <div class="test-method">
                <span class="method-name">testGetBookByInvalidIdAsAdmin</span>
                <span class="method-start">5151 ms</span>
              </div> <!-- test-method -->
            </div> <!-- chronological-class -->
            <div class="chronological-class">
              <div class="chronological-class-name">TestCases.PostBookAPITests</div> <!-- chronological-class-name -->
              <div class="configuration-class before">
                <span class="method-name">setup</span>
                <span class="method-start">5842 ms</span>
              </div> <!-- configuration-class before -->
              <div class="test-method">
                <img src="failed.png">
                </img>
                <span class="method-name">testCreateBookWithDuplicateIdAsAdmin</span>
                <span class="method-start">5843 ms</span>
              </div> <!-- test-method -->
              <div class="test-method">
                <span class="method-name">testCreateBookWithDuplicateTitle</span>
                <span class="method-start">7158 ms</span>
              </div> <!-- test-method -->
              <div class="test-method">
                <img src="failed.png">
                </img>
                <span class="method-name">testCreateBookWithMissingAuthor</span>
                <span class="method-start">8788 ms</span>
              </div> <!-- test-method -->
              <div class="test-method">
                <img src="failed.png">
                </img>
                <span class="method-name">testCreateBookWithMissingTitleAsAdmin</span>
                <span class="method-start">9446 ms</span>
              </div> <!-- test-method -->
              <div class="test-method">
                <img src="failed.png">
                </img>
                <span class="method-name">testCreateBookWithNumericAuthorAsAdmin</span>
                <span class="method-start">10118 ms</span>
              </div> <!-- test-method -->
              <div class="test-method">
                <img src="failed.png">
                </img>
                <span class="method-name">testCreateBookWithNumericTitleAsAdmin</span>
                <span class="method-start">10805 ms</span>
              </div> <!-- test-method -->
              <div class="test-method">
                <img src="failed.png">
                </img>
                <span class="method-name">testCreateBookWithValidData</span>
                <span class="method-start">11529 ms</span>
              </div> <!-- test-method -->
              <div class="test-method">
                <img src="failed.png">
                </img>
                <span class="method-name">testCreateBookWithValidDataAsAdmin</span>
                <span class="method-start">12226 ms</span>
              </div> <!-- test-method -->
            </div> <!-- chronological-class -->
            <div class="chronological-class">
              <div class="chronological-class-name">TestCases.PutBookAPITests</div> <!-- chronological-class-name -->
              <div class="configuration-class before">
                <span class="method-name">setup</span>
                <span class="method-start">12848 ms</span>
              </div> <!-- configuration-class before -->
              <div class="test-method">
                <span class="method-name">testUpdateBookWithAnotherBooksId</span>
                <span class="method-start">12849 ms</span>
              </div> <!-- test-method -->
              <div class="test-method">
                <img src="failed.png">
                </img>
                <span class="method-name">testUpdateBookWithAnotherBooksTitleAsAdmin</span>
                <span class="method-start">13572 ms</span>
              </div> <!-- test-method -->
              <div class="test-method">
                <img src="failed.png">
                </img>
                <span class="method-name">testUpdateBookWithEmptyAuthor</span>
                <span class="method-start">14245 ms</span>
              </div> <!-- test-method -->
              <div class="test-method">
                <span class="method-name">testUpdateBookWithInvalidIdAsAdmin</span>
                <span class="method-start">14907 ms</span>
              </div> <!-- test-method -->
              <div class="test-method">
                <img src="failed.png">
                </img>
                <span class="method-name">testUpdateBookWithMissingOrInvalidTitleAsAdmin</span>
                <span class="method-start">15589 ms</span>
              </div> <!-- test-method -->
              <div class="test-method">
                <img src="failed.png">
                </img>
                <span class="method-name">testUpdateBookWithMissingTitleAndAuthor</span>
                <span class="method-start">16212 ms</span>
              </div> <!-- test-method -->
              <div class="test-method">
                <img src="failed.png">
                </img>
                <span class="method-name">testUpdateBookWithNoneParametersAsAdmin</span>
                <span class="method-start">16900 ms</span>
              </div> <!-- test-method -->
              <div class="test-method">
                <img src="failed.png">
                </img>
                <span class="method-name">testUpdateBookWithValidDataAsAdmin</span>
                <span class="method-start">17549 ms</span>
              </div> <!-- test-method -->
              <div class="test-method">
                <span class="method-name">testUpdateBookWithValidDataAsUser</span>
                <span class="method-start">18165 ms</span>
              </div> <!-- test-method -->
            </div> <!-- chronological-class -->
            <div class="chronological-class">
              <div class="chronological-class-name">TestCases.DeleteBookAPITests</div> <!-- chronological-class-name -->
              <div class="test-method">
                <img src="failed.png">
                </img>
                <span class="method-name">testDeleteBookAsUser</span>
                <span class="method-start">18799 ms</span>
              </div> <!-- test-method -->
              <div class="configuration-class before">
                <span class="method-name">setup</span>
                <span class="method-start">18799 ms</span>
              </div> <!-- configuration-class before -->
              <div class="test-method">
                <img src="failed.png">
                </img>
                <span class="method-name">testDeleteBookWithInvalidIdAsAdmin</span>
                <span class="method-start">19423 ms</span>
              </div> <!-- test-method -->
              <div class="test-method">
                <img src="failed.png">
                </img>
                <span class="method-name">testDeleteBookWithValidIdAsAdmin</span>
                <span class="method-start">20030 ms</span>
              </div> <!-- test-method -->
            </div> <!-- chronological-class -->
            <div class="chronological-class">
              <div class="chronological-class-name">UITestCases.BuggyCarsUITests</div> <!-- chronological-class-name -->
              <div class="configuration-method before">
                <span class="method-name">setup</span>
                <span class="method-start">20758 ms</span>
              </div> <!-- configuration-method before -->
              <div class="test-method">
                <span class="method-name">testAccessibilityOfLinks</span>
                <span class="method-start">23700 ms</span>
              </div> <!-- test-method -->
              <div class="configuration-method after">
                <span class="method-name">teardown</span>
                <span class="method-start">23850 ms</span>
              </div> <!-- configuration-method after -->
              <div class="configuration-method before">
                <span class="method-name">setup</span>
                <span class="method-start">24120 ms</span>
              </div> <!-- configuration-method before -->
              <div class="test-method">
                <span class="method-name">testBrokenLinksOnHomepage</span>
                <span class="method-start">26464 ms</span>
              </div> <!-- test-method -->
              <div class="configuration-method after">
                <span class="method-name">teardown</span>
                <span class="method-start">26610 ms</span>
              </div> <!-- configuration-method after -->
              <div class="configuration-method before">
                <span class="method-name">setup</span>
                <span class="method-start">26806 ms</span>
              </div> <!-- configuration-method before -->
              <div class="test-method">
                <img src="failed.png">
                </img>
                <span class="method-name">testChangePasswordSuccessfully</span>
                <span class="method-start">29016 ms</span>
              </div> <!-- test-method -->
              <div class="configuration-method after">
                <span class="method-name">teardown</span>
                <span class="method-start">53186 ms</span>
              </div> <!-- configuration-method after -->
              <div class="configuration-method before">
                <span class="method-name">setup</span>
                <span class="method-start">53552 ms</span>
              </div> <!-- configuration-method before -->
              <div class="test-method">
                <span class="method-name">testChangePasswordWithInvalidCurrentPassword</span>
                <span class="method-start">58377 ms</span>
              </div> <!-- test-method -->
              <div class="configuration-method after">
                <span class="method-name">teardown</span>
                <span class="method-start">62867 ms</span>
              </div> <!-- configuration-method after -->
              <div class="configuration-method before">
                <span class="method-name">setup</span>
                <span class="method-start">63150 ms</span>
              </div> <!-- configuration-method before -->
              <div class="test-method">
                <img src="failed.png">
                </img>
                <span class="method-name">testCommentCharacterLimit</span>
                <span class="method-start">66875 ms</span>
              </div> <!-- test-method -->
              <div class="configuration-method after">
                <span class="method-name">teardown</span>
                <span class="method-start">69077 ms</span>
              </div> <!-- configuration-method after -->
              <div class="configuration-method before">
                <span class="method-name">setup</span>
                <span class="method-start">69319 ms</span>
              </div> <!-- configuration-method before -->
              <div class="test-method">
                <span class="method-name">testLoginWithValidCredentials</span>
                <span class="method-start">74071 ms</span>
              </div> <!-- test-method -->
              <div class="configuration-method after">
                <span class="method-name">teardown</span>
                <span class="method-start">76356 ms</span>
              </div> <!-- configuration-method after -->
              <div class="configuration-method before">
                <span class="method-name">setup</span>
                <span class="method-start">76592 ms</span>
              </div> <!-- configuration-method before -->
              <div class="test-method">
                <img src="failed.png">
                </img>
                <span class="method-name">testLogoutFunctionality</span>
                <span class="method-start">78893 ms</span>
              </div> <!-- test-method -->
              <div class="configuration-method after">
                <span class="method-name">teardown</span>
                <span class="method-start">81338 ms</span>
              </div> <!-- configuration-method after -->
              <div class="configuration-method before">
                <span class="method-name">setup</span>
                <span class="method-start">81585 ms</span>
              </div> <!-- configuration-method before -->
              <div class="test-method">
                <img src="failed.png">
                </img>
                <span class="method-name">testMissingFieldsInRegistration</span>
                <span class="method-start">83631 ms</span>
              </div> <!-- test-method -->
              <div class="configuration-method after">
                <span class="method-name">teardown</span>
                <span class="method-start">83924 ms</span>
              </div> <!-- configuration-method after -->
              <div class="configuration-method before">
                <span class="method-name">setup</span>
                <span class="method-start">84183 ms</span>
              </div> <!-- configuration-method before -->
              <div class="test-method">
                <span class="method-name">testPageTitle</span>
                <span class="method-start">86272 ms</span>
              </div> <!-- test-method -->
              <div class="configuration-method after">
                <span class="method-name">teardown</span>
                <span class="method-start">86290 ms</span>
              </div> <!-- configuration-method after -->
              <div class="configuration-method before">
                <span class="method-name">setup</span>
                <span class="method-start">86544 ms</span>
              </div> <!-- configuration-method before -->
              <div class="test-method">
                <img src="failed.png">
                </img>
                <span class="method-name">testProfilePageAccessibility</span>
                <span class="method-start">89165 ms</span>
              </div> <!-- test-method -->
              <div class="configuration-method after">
                <span class="method-name">teardown</span>
                <span class="method-start">91702 ms</span>
              </div> <!-- configuration-method after -->
              <div class="configuration-method before">
                <span class="method-name">setup</span>
                <span class="method-start">91957 ms</span>
              </div> <!-- configuration-method before -->
              <div class="test-method">
                <span class="method-name">testResponsiveUI</span>
                <span class="method-start">94653 ms</span>
              </div> <!-- test-method -->
              <div class="configuration-method after">
                <span class="method-name">teardown</span>
                <span class="method-start">95442 ms</span>
              </div> <!-- configuration-method after -->
              <div class="configuration-method before">
                <span class="method-name">setup</span>
                <span class="method-start">95674 ms</span>
              </div> <!-- configuration-method before -->
              <div class="test-method">
                <span class="method-name">testSuccessfulRegistration</span>
                <span class="method-start">97891 ms</span>
              </div> <!-- test-method -->
              <div class="configuration-method after">
                <span class="method-name">teardown</span>
                <span class="method-start">100114 ms</span>
              </div> <!-- configuration-method after -->
              <div class="configuration-method before">
                <span class="method-name">setup</span>
                <span class="method-start">100422 ms</span>
              </div> <!-- configuration-method before -->
              <div class="test-method">
                <img src="failed.png">
                </img>
                <span class="method-name">testWeakPasswordRegistration</span>
                <span class="method-start">102657 ms</span>
              </div> <!-- test-method -->
              <div class="configuration-method after">
                <span class="method-name">teardown</span>
                <span class="method-start">103328 ms</span>
              </div> <!-- configuration-method after -->
              <div class="configuration-method before">
                <span class="method-name">setup</span>
                <span class="method-start">103589 ms</span>
              </div> <!-- configuration-method before -->
              <div class="test-method">
                <span class="method-name">testunSuccessfulRegistrationWhileExistingUsername</span>
                <span class="method-start">105969 ms</span>
              </div> <!-- test-method -->
              <div class="configuration-method after">
                <span class="method-name">teardown</span>
                <span class="method-start">108166 ms</span>
              </div> <!-- configuration-method after -->
          </div> <!-- main-panel-content rounded-window-bottom -->
        </div> <!-- panel -->
      </div> <!-- main-panel-root -->
    </div> <!-- wrapper -->
  </body>
<script type="text/javascript" src="testng-reports2.js"></script>
</html>
